<?xml version="1.0" encoding="UTF-8"?>
<testsuites name="Video" time="33.847" tests="3" failures="0" errors="0">
   <testsuite name="Video" tests="3" failures="0" errors="0" time="33.847" skipped="0" timestamp="2022-12-21 22:22:28" hostname="rivaldo - GABRIEL" id="Test Suites/Content/Video">
      <properties>
         <property name="deviceName" value=""/>
         <property name="devicePlatform" value=""/>
         <property name="logFolder" value="C:\\Users\\rivaldo\\Katalon Studio\\WEB CAPSTONE\\Reports\\20221221_222221\\Content\\Video\\20221221_222221"/>
         <property name="logFiles" value="C:\\Users\\rivaldo\\Katalon Studio\\WEB CAPSTONE\\Reports\\20221221_222221\\Content\\Video\\20221221_222221\\execution0.log"/>
         <property name="attachments" value=""/>
         <property name="hostName" value="rivaldo - GABRIEL"/>
         <property name="os" value="Windows 10 64bit"/>
         <property name="katalonVersion" value="8.3.0.208"/>
         <property name="browser" value="Chrome 108.0.0.0"/>
         <property name="hostAddress" value="192.168.1.20"/>
         <property name="sessionId" value="b06d24a618268757de94173f346d0146"/>
         <property name="seleniumVersion" value="3.141.59"/>
         <property name="proxyInformation" value="ProxyInformation { proxyOption=NO_PROXY, proxyServerType=HTTP, username=, password=********, proxyServerAddress=, proxyServerPort=0, executionList=&quot;&quot;, isApplyToDesiredCapabilities=true }"/>
         <property name="platform" value="Windows 10"/>
      </properties>
      <testcase name="Test Cases/Content/Video/PlayVideo" time="13.396" classname="Test Cases/Content/Video/PlayVideo" status="PASSED">
         <system-out><![CDATA[2022-12-21 22:22:28 - [TEST_CASE][PASSED] - Test Cases/Content/Video/PlayVideo: Test Cases/Content/Video/PlayVideo

2022-12-21 22:22:29 - [TEST_STEP][PASSED] - openBrowser(""): Browser is opened with url: ''

2022-12-21 22:22:29 - [MESSAGE][INFO] - Starting 'Chrome' driver

2022-12-21 22:22:29 - [MESSAGE][INFO] - Action delay is set to 0 milliseconds

2022-12-21 22:22:31 - [MESSAGE][PASSED] - Browser is opened with url: ''

2022-12-21 22:22:31 - [TEST_STEP][PASSED] - navigateToUrl("https://fe-react-o3tcnp4lu-capstone-6.vercel.app/"): Navigate to 'https://fe-react-o3tcnp4lu-capstone-6.vercel.app/' successfully

2022-12-21 22:22:32 - [MESSAGE][PASSED] - Navigate to 'https://fe-react-o3tcnp4lu-capstone-6.vercel.app/' successfully

2022-12-21 22:22:32 - [TEST_STEP][PASSED] - maximizeWindow(): Current window maximized

2022-12-21 22:22:32 - [MESSAGE][PASSED] - Current window maximized

2022-12-21 22:22:32 - [TEST_STEP][PASSED] - click(findTestObject("Object Repository/Page_WorkFit/a_Login")): Object: 'Object Repository/Page_WorkFit/a_Login' is clicked on

2022-12-21 22:22:33 - [MESSAGE][PASSED] - Object: 'Object Repository/Page_WorkFit/a_Login' is clicked on

2022-12-21 22:22:33 - [TEST_STEP][PASSED] - setText(findTestObject("Object Repository/Page_Login Page - WorkFit/input_Email_email"), "qe1@gmail.com"): Text 'qe1@gmail.com' is set on object 'Object Repository/Page_Login Page - WorkFit/input_Email_email'

2022-12-21 22:22:34 - [MESSAGE][PASSED] - Text 'qe1@gmail.com' is set on object 'Object Repository/Page_Login Page - WorkFit/input_Email_email'

2022-12-21 22:22:34 - [TEST_STEP][PASSED] - setEncryptedText(findTestObject("Object Repository/Page_Login Page - WorkFit/input_Password_password"), "PzcU1FTwvrz2Y2eY7/dWBg=="): Text ****** has been set on object 'Object Repository/Page_Login Page - WorkFit/input_Password_password'

2022-12-21 22:22:35 - [MESSAGE][PASSED] - Text ****** has been set on object 'Object Repository/Page_Login Page - WorkFit/input_Password_password'

2022-12-21 22:22:35 - [TEST_STEP][PASSED] - click(findTestObject("Object Repository/Page_Login Page - WorkFit/button_Sign In")): Object: 'Object Repository/Page_Login Page - WorkFit/button_Sign In' is clicked on

2022-12-21 22:22:35 - [MESSAGE][PASSED] - Object: 'Object Repository/Page_Login Page - WorkFit/button_Sign In' is clicked on

2022-12-21 22:22:35 - [TEST_STEP][PASSED] - click(findTestObject("Object Repository/Page_Dashboard - WorkFit/div_Video")): Object: 'Object Repository/Page_Dashboard - WorkFit/div_Video' is clicked on

2022-12-21 22:22:39 - [MESSAGE][PASSED] - Object: 'Object Repository/Page_Dashboard - WorkFit/div_Video' is clicked on

2022-12-21 22:22:39 - [TEST_STEP][PASSED] - click(findTestObject("Object Repository/Page_Manage Video - WorkFit/i_Add New_fi fi-sr-play text-4xl text-white")): Object: 'Object Repository/Page_Manage Video - WorkFit/i_Add New_fi fi-sr-play text-4xl text-white' is clicked on

2022-12-21 22:22:39 - [MESSAGE][PASSED] - Object: 'Object Repository/Page_Manage Video - WorkFit/i_Add New_fi fi-sr-play text-4xl text-white' is clicked on

2022-12-21 22:22:39 - [TEST_STEP][PASSED] - click(findTestObject("Object Repository/Page_Manage Video - WorkFit/div_mbmb")): Object: 'Object Repository/Page_Manage Video - WorkFit/div_mbmb' is clicked on

2022-12-21 22:22:40 - [MESSAGE][PASSED] - Object: 'Object Repository/Page_Manage Video - WorkFit/div_mbmb' is clicked on

2022-12-21 22:22:40 - [TEST_STEP][PASSED] - click(findTestObject("Object Repository/Page_Manage Video - WorkFit/video")): Object: 'Object Repository/Page_Manage Video - WorkFit/video' is clicked on

2022-12-21 22:22:40 - [MESSAGE][PASSED] - Object: 'Object Repository/Page_Manage Video - WorkFit/video' is clicked on

2022-12-21 22:22:40 - [TEST_STEP][PASSED] - click(findTestObject("Object Repository/Page_Manage Video - WorkFit/video")): Object: 'Object Repository/Page_Manage Video - WorkFit/video' is clicked on

2022-12-21 22:22:41 - [MESSAGE][PASSED] - Object: 'Object Repository/Page_Manage Video - WorkFit/video' is clicked on

2022-12-21 22:22:41 - [TEST_STEP][PASSED] - closeBrowser(): Browser is closed

2022-12-21 22:22:42 - [MESSAGE][PASSED] - Browser is closed]]></system-out>
         <system-err><![CDATA[]]></system-err>
      </testcase>
      <testcase name="Test Cases/Content/Video/Search" time="10.435" classname="Test Cases/Content/Video/Search" status="PASSED">
         <system-out><![CDATA[2022-12-21 22:22:42 - [TEST_CASE][PASSED] - Test Cases/Content/Video/Search: Test Cases/Content/Video/Search

2022-12-21 22:22:42 - [TEST_STEP][PASSED] - openBrowser(""): Browser is opened with url: ''

2022-12-21 22:22:42 - [MESSAGE][INFO] - Starting 'Chrome' driver

2022-12-21 22:22:42 - [MESSAGE][INFO] - Action delay is set to 0 milliseconds

2022-12-21 22:22:43 - [MESSAGE][PASSED] - Browser is opened with url: ''

2022-12-21 22:22:43 - [TEST_STEP][PASSED] - maximizeWindow(): Current window maximized

2022-12-21 22:22:44 - [MESSAGE][PASSED] - Current window maximized

2022-12-21 22:22:44 - [TEST_STEP][PASSED] - navigateToUrl("https://fe-react-o3tcnp4lu-capstone-6.vercel.app/"): Navigate to 'https://fe-react-o3tcnp4lu-capstone-6.vercel.app/' successfully

2022-12-21 22:22:44 - [MESSAGE][PASSED] - Navigate to 'https://fe-react-o3tcnp4lu-capstone-6.vercel.app/' successfully

2022-12-21 22:22:44 - [TEST_STEP][PASSED] - click(findTestObject("Object Repository/Page_WorkFit/a_Login")): Object: 'Object Repository/Page_WorkFit/a_Login' is clicked on

2022-12-21 22:22:45 - [MESSAGE][PASSED] - Object: 'Object Repository/Page_WorkFit/a_Login' is clicked on

2022-12-21 22:22:45 - [TEST_STEP][PASSED] - setText(findTestObject("Object Repository/Page_Login Page - WorkFit/input_Email_email"), "qe1@gmail.com"): Text 'qe1@gmail.com' is set on object 'Object Repository/Page_Login Page - WorkFit/input_Email_email'

2022-12-21 22:22:46 - [MESSAGE][PASSED] - Text 'qe1@gmail.com' is set on object 'Object Repository/Page_Login Page - WorkFit/input_Email_email'

2022-12-21 22:22:46 - [TEST_STEP][PASSED] - setEncryptedText(findTestObject("Object Repository/Page_Login Page - WorkFit/input_Password_password"), "PzcU1FTwvrz2Y2eY7/dWBg=="): Text ****** has been set on object 'Object Repository/Page_Login Page - WorkFit/input_Password_password'

2022-12-21 22:22:46 - [MESSAGE][PASSED] - Text ****** has been set on object 'Object Repository/Page_Login Page - WorkFit/input_Password_password'

2022-12-21 22:22:46 - [TEST_STEP][PASSED] - click(findTestObject("Object Repository/Page_Login Page - WorkFit/button_Sign In")): Object: 'Object Repository/Page_Login Page - WorkFit/button_Sign In' is clicked on

2022-12-21 22:22:47 - [MESSAGE][PASSED] - Object: 'Object Repository/Page_Login Page - WorkFit/button_Sign In' is clicked on

2022-12-21 22:22:47 - [TEST_STEP][PASSED] - click(findTestObject("Object Repository/Page_Dashboard - WorkFit/span_Video")): Object: 'Object Repository/Page_Dashboard - WorkFit/span_Video' is clicked on

2022-12-21 22:22:50 - [MESSAGE][PASSED] - Object: 'Object Repository/Page_Dashboard - WorkFit/span_Video' is clicked on

2022-12-21 22:22:50 - [TEST_STEP][PASSED] - setText(findTestObject("Object Repository/Page_Manage Video - WorkFit/input_Manage Video_block w-full rounded-lg _9ee80f"), "a"): Text 'a' is set on object 'Object Repository/Page_Manage Video - WorkFit/input_Manage Video_block w-full rounded-lg _9ee80f'

2022-12-21 22:22:51 - [MESSAGE][PASSED] - Text 'a' is set on object 'Object Repository/Page_Manage Video - WorkFit/input_Manage Video_block w-full rounded-lg _9ee80f'

2022-12-21 22:22:51 - [TEST_STEP][PASSED] - verifyElementPresent(findTestObject("Object Repository/Page_Manage Video - WorkFit/div_Video not found"), 0): Object 'Object Repository/Page_Manage Video - WorkFit/div_Video not found' is present

2022-12-21 22:22:51 - [MESSAGE][WARNING] - Timeout '0' is invalid. Using default page load timeout: '30'

2022-12-21 22:22:51 - [MESSAGE][PASSED] - Object 'Object Repository/Page_Manage Video - WorkFit/div_Video not found' is present

2022-12-21 22:22:51 - [TEST_STEP][PASSED] - closeBrowser(): Browser is closed

2022-12-21 22:22:52 - [MESSAGE][PASSED] - Browser is closed]]></system-out>
         <system-err><![CDATA[]]></system-err>
      </testcase>
      <testcase name="Test Cases/Content/Video/seelist" time="9.674" classname="Test Cases/Content/Video/seelist" status="PASSED">
         <system-out><![CDATA[2022-12-21 22:22:52 - [TEST_CASE][PASSED] - Test Cases/Content/Video/seelist: Test Cases/Content/Video/seelist

2022-12-21 22:22:52 - [TEST_STEP][PASSED] - openBrowser(""): Browser is opened with url: ''

2022-12-21 22:22:52 - [MESSAGE][INFO] - Starting 'Chrome' driver

2022-12-21 22:22:52 - [MESSAGE][INFO] - Action delay is set to 0 milliseconds

2022-12-21 22:22:54 - [MESSAGE][PASSED] - Browser is opened with url: ''

2022-12-21 22:22:54 - [TEST_STEP][PASSED] - maximizeWindow(): Current window maximized

2022-12-21 22:22:54 - [MESSAGE][PASSED] - Current window maximized

2022-12-21 22:22:54 - [TEST_STEP][PASSED] - navigateToUrl("https://fe-react-o3tcnp4lu-capstone-6.vercel.app/"): Navigate to 'https://fe-react-o3tcnp4lu-capstone-6.vercel.app/' successfully

2022-12-21 22:22:54 - [MESSAGE][PASSED] - Navigate to 'https://fe-react-o3tcnp4lu-capstone-6.vercel.app/' successfully

2022-12-21 22:22:54 - [TEST_STEP][PASSED] - click(findTestObject("Object Repository/Page_WorkFit/a_Login")): Object: 'Object Repository/Page_WorkFit/a_Login' is clicked on

2022-12-21 22:22:55 - [MESSAGE][PASSED] - Object: 'Object Repository/Page_WorkFit/a_Login' is clicked on

2022-12-21 22:22:55 - [TEST_STEP][PASSED] - setText(findTestObject("Object Repository/Page_Login Page - WorkFit/input_Email_email"), "qe1@gmail.com"): Text 'qe1@gmail.com' is set on object 'Object Repository/Page_Login Page - WorkFit/input_Email_email'

2022-12-21 22:22:56 - [MESSAGE][PASSED] - Text 'qe1@gmail.com' is set on object 'Object Repository/Page_Login Page - WorkFit/input_Email_email'

2022-12-21 22:22:56 - [TEST_STEP][PASSED] - setEncryptedText(findTestObject("Object Repository/Page_Login Page - WorkFit/input_Password_password"), "PzcU1FTwvrz2Y2eY7/dWBg=="): Text ****** has been set on object 'Object Repository/Page_Login Page - WorkFit/input_Password_password'

2022-12-21 22:22:56 - [MESSAGE][PASSED] - Text ****** has been set on object 'Object Repository/Page_Login Page - WorkFit/input_Password_password'

2022-12-21 22:22:56 - [TEST_STEP][PASSED] - click(findTestObject("Object Repository/Page_Login Page - WorkFit/button_Sign In")): Object: 'Object Repository/Page_Login Page - WorkFit/button_Sign In' is clicked on

2022-12-21 22:22:57 - [MESSAGE][PASSED] - Object: 'Object Repository/Page_Login Page - WorkFit/button_Sign In' is clicked on

2022-12-21 22:22:57 - [TEST_STEP][PASSED] - click(findTestObject("Object Repository/Page_Dashboard - WorkFit/span_Video")): Object: 'Object Repository/Page_Dashboard - WorkFit/span_Video' is clicked on

2022-12-21 22:23:00 - [MESSAGE][PASSED] - Object: 'Object Repository/Page_Dashboard - WorkFit/span_Video' is clicked on

2022-12-21 22:23:00 - [TEST_STEP][PASSED] - verifyElementPresent(findTestObject("Object Repository/Page_Manage Video - WorkFit/div_Add New_react-player__preview"), 0): Object 'Object Repository/Page_Manage Video - WorkFit/div_Add New_react-player__preview' is present

2022-12-21 22:23:00 - [MESSAGE][WARNING] - Timeout '0' is invalid. Using default page load timeout: '30'

2022-12-21 22:23:01 - [MESSAGE][PASSED] - Object 'Object Repository/Page_Manage Video - WorkFit/div_Add New_react-player__preview' is present

2022-12-21 22:23:01 - [TEST_STEP][PASSED] - closeBrowser(): Browser is closed

2022-12-21 22:23:02 - [MESSAGE][PASSED] - Browser is closed]]></system-out>
         <system-err><![CDATA[]]></system-err>
      </testcase>
      <system-out><![CDATA[2022-12-21 22:22:28 - [TEST_SUITE][PASSED] - Video: Test Cases/Content/Video/seelist]]></system-out>
      <system-err><![CDATA[]]></system-err>
   </testsuite>
</testsuites>
