<?xml version="1.0" encoding="UTF-8"?>
<testsuites name="Positive" time="43.131" tests="4" failures="0" errors="0">
   <testsuite name="Positive" tests="4" failures="0" errors="0" time="43.131" skipped="0" timestamp="2022-12-21 22:25:44" hostname="rivaldo - GABRIEL" id="Test Suites/Instroctur/Positive">
      <properties>
         <property name="deviceName" value=""/>
         <property name="devicePlatform" value=""/>
         <property name="logFolder" value="C:\\Users\\rivaldo\\Katalon Studio\\WEB CAPSTONE\\Reports\\20221221_222536\\Instroctur\\Positive\\20221221_222537"/>
         <property name="logFiles" value="C:\\Users\\rivaldo\\Katalon Studio\\WEB CAPSTONE\\Reports\\20221221_222536\\Instroctur\\Positive\\20221221_222537\\execution0.log"/>
         <property name="attachments" value=""/>
         <property name="hostName" value="rivaldo - GABRIEL"/>
         <property name="os" value="Windows 10 64bit"/>
         <property name="katalonVersion" value="8.3.0.208"/>
         <property name="browser" value="Chrome 108.0.0.0"/>
         <property name="hostAddress" value="192.168.1.20"/>
         <property name="sessionId" value="e827734bc8965f4c5481de80d00f7247"/>
         <property name="seleniumVersion" value="3.141.59"/>
         <property name="proxyInformation" value="ProxyInformation { proxyOption=NO_PROXY, proxyServerType=HTTP, username=, password=********, proxyServerAddress=, proxyServerPort=0, executionList=&quot;&quot;, isApplyToDesiredCapabilities=true }"/>
         <property name="platform" value="Windows 10"/>
      </properties>
      <testcase name="Test Cases/Instorctur/Positive/seelistofinstroctur" time="12.125" classname="Test Cases/Instorctur/Positive/seelistofinstroctur" status="PASSED">
         <system-out><![CDATA[2022-12-21 22:25:44 - [TEST_CASE][PASSED] - Test Cases/Instorctur/Positive/seelistofinstroctur: Test Cases/Instorctur/Positive/seelistofinstroctur

2022-12-21 22:25:45 - [TEST_STEP][PASSED] - openBrowser(""): Browser is opened with url: ''

2022-12-21 22:25:45 - [MESSAGE][INFO] - Starting 'Chrome' driver

2022-12-21 22:25:45 - [MESSAGE][INFO] - Action delay is set to 0 milliseconds

2022-12-21 22:25:48 - [MESSAGE][PASSED] - Browser is opened with url: ''

2022-12-21 22:25:48 - [TEST_STEP][PASSED] - maximizeWindow(): Current window maximized

2022-12-21 22:25:48 - [MESSAGE][PASSED] - Current window maximized

2022-12-21 22:25:48 - [TEST_STEP][PASSED] - navigateToUrl("https://fe-react-o3tcnp4lu-capstone-6.vercel.app/"): Navigate to 'https://fe-react-o3tcnp4lu-capstone-6.vercel.app/' successfully

2022-12-21 22:25:49 - [MESSAGE][PASSED] - Navigate to 'https://fe-react-o3tcnp4lu-capstone-6.vercel.app/' successfully

2022-12-21 22:25:49 - [TEST_STEP][PASSED] - click(findTestObject("Object Repository/Page_WorkFit/a_Login")): Object: 'Object Repository/Page_WorkFit/a_Login' is clicked on

2022-12-21 22:25:50 - [MESSAGE][PASSED] - Object: 'Object Repository/Page_WorkFit/a_Login' is clicked on

2022-12-21 22:25:50 - [TEST_STEP][PASSED] - setText(findTestObject("Object Repository/Page_Login Page - WorkFit/input_Email_email"), "qe1@gmail.com"): Text 'qe1@gmail.com' is set on object 'Object Repository/Page_Login Page - WorkFit/input_Email_email'

2022-12-21 22:25:51 - [MESSAGE][PASSED] - Text 'qe1@gmail.com' is set on object 'Object Repository/Page_Login Page - WorkFit/input_Email_email'

2022-12-21 22:25:51 - [TEST_STEP][PASSED] - setEncryptedText(findTestObject("Object Repository/Page_Login Page - WorkFit/input_Password_password"), "PzcU1FTwvrz2Y2eY7/dWBg=="): Text ****** has been set on object 'Object Repository/Page_Login Page - WorkFit/input_Password_password'

2022-12-21 22:25:51 - [MESSAGE][PASSED] - Text ****** has been set on object 'Object Repository/Page_Login Page - WorkFit/input_Password_password'

2022-12-21 22:25:51 - [TEST_STEP][PASSED] - click(findTestObject("Object Repository/Page_Login Page - WorkFit/button_Sign In")): Object: 'Object Repository/Page_Login Page - WorkFit/button_Sign In' is clicked on

2022-12-21 22:25:52 - [MESSAGE][PASSED] - Object: 'Object Repository/Page_Login Page - WorkFit/button_Sign In' is clicked on

2022-12-21 22:25:52 - [TEST_STEP][PASSED] - click(findTestObject("Object Repository/Page_Dashboard - WorkFit/span_Instructor")): Object: 'Object Repository/Page_Dashboard - WorkFit/span_Instructor' is clicked on

2022-12-21 22:25:55 - [MESSAGE][PASSED] - Object: 'Object Repository/Page_Dashboard - WorkFit/span_Instructor' is clicked on

2022-12-21 22:25:55 - [TEST_STEP][PASSED] - click(findTestObject("Object Repository/Page_Manage Instructor - WorkFit/th_Phone Number")): Object: 'Object Repository/Page_Manage Instructor - WorkFit/th_Phone Number' is clicked on

2022-12-21 22:25:55 - [MESSAGE][PASSED] - Object: 'Object Repository/Page_Manage Instructor - WorkFit/th_Phone Number' is clicked on

2022-12-21 22:25:55 - [TEST_STEP][PASSED] - closeBrowser(): Browser is closed

2022-12-21 22:25:56 - [MESSAGE][PASSED] - Browser is closed]]></system-out>
         <system-err><![CDATA[]]></system-err>
      </testcase>
      <testcase name="Test Cases/Instorctur/Positive/Search" time="10.31" classname="Test Cases/Instorctur/Positive/Search" status="PASSED">
         <system-out><![CDATA[2022-12-21 22:25:56 - [TEST_CASE][PASSED] - Test Cases/Instorctur/Positive/Search: Test Cases/Instorctur/Positive/Search

2022-12-21 22:25:57 - [TEST_STEP][PASSED] - openBrowser(""): Browser is opened with url: ''

2022-12-21 22:25:57 - [MESSAGE][INFO] - Starting 'Chrome' driver

2022-12-21 22:25:57 - [MESSAGE][INFO] - Action delay is set to 0 milliseconds

2022-12-21 22:25:58 - [MESSAGE][PASSED] - Browser is opened with url: ''

2022-12-21 22:25:58 - [TEST_STEP][PASSED] - maximizeWindow(): Current window maximized

2022-12-21 22:25:58 - [MESSAGE][PASSED] - Current window maximized

2022-12-21 22:25:58 - [TEST_STEP][PASSED] - navigateToUrl("https://fe-react-o3tcnp4lu-capstone-6.vercel.app/"): Navigate to 'https://fe-react-o3tcnp4lu-capstone-6.vercel.app/' successfully

2022-12-21 22:25:59 - [MESSAGE][PASSED] - Navigate to 'https://fe-react-o3tcnp4lu-capstone-6.vercel.app/' successfully

2022-12-21 22:25:59 - [TEST_STEP][PASSED] - click(findTestObject("Object Repository/Page_WorkFit/a_Login")): Object: 'Object Repository/Page_WorkFit/a_Login' is clicked on

2022-12-21 22:26:00 - [MESSAGE][PASSED] - Object: 'Object Repository/Page_WorkFit/a_Login' is clicked on

2022-12-21 22:26:00 - [TEST_STEP][PASSED] - setText(findTestObject("Object Repository/Page_Login Page - WorkFit/input_Email_email"), "qe1@gmail.com"): Text 'qe1@gmail.com' is set on object 'Object Repository/Page_Login Page - WorkFit/input_Email_email'

2022-12-21 22:26:01 - [MESSAGE][PASSED] - Text 'qe1@gmail.com' is set on object 'Object Repository/Page_Login Page - WorkFit/input_Email_email'

2022-12-21 22:26:01 - [TEST_STEP][PASSED] - setEncryptedText(findTestObject("Object Repository/Page_Login Page - WorkFit/input_Password_password"), "PzcU1FTwvrz2Y2eY7/dWBg=="): Text ****** has been set on object 'Object Repository/Page_Login Page - WorkFit/input_Password_password'

2022-12-21 22:26:01 - [MESSAGE][PASSED] - Text ****** has been set on object 'Object Repository/Page_Login Page - WorkFit/input_Password_password'

2022-12-21 22:26:01 - [TEST_STEP][PASSED] - click(findTestObject("Object Repository/Page_Login Page - WorkFit/button_Sign In")): Object: 'Object Repository/Page_Login Page - WorkFit/button_Sign In' is clicked on

2022-12-21 22:26:02 - [MESSAGE][PASSED] - Object: 'Object Repository/Page_Login Page - WorkFit/button_Sign In' is clicked on

2022-12-21 22:26:02 - [TEST_STEP][PASSED] - click(findTestObject("Object Repository/Page_Dashboard - WorkFit/span_Instructor")): Object: 'Object Repository/Page_Dashboard - WorkFit/span_Instructor' is clicked on

2022-12-21 22:26:05 - [MESSAGE][PASSED] - Object: 'Object Repository/Page_Dashboard - WorkFit/span_Instructor' is clicked on

2022-12-21 22:26:05 - [TEST_STEP][PASSED] - setText(findTestObject("Object Repository/Page_Manage Instructor - WorkFit/input_Manage Instructor_block w-full rounde_e3cf5d"), "Mane"): Text 'Mane' is set on object 'Object Repository/Page_Manage Instructor - WorkFit/input_Manage Instructor_block w-full rounde_e3cf5d'

2022-12-21 22:26:06 - [MESSAGE][PASSED] - Text 'Mane' is set on object 'Object Repository/Page_Manage Instructor - WorkFit/input_Manage Instructor_block w-full rounde_e3cf5d'

2022-12-21 22:26:06 - [TEST_STEP][PASSED] - click(findTestObject("Object Repository/Page_Manage Instructor - WorkFit/div_Mane")): Object: 'Object Repository/Page_Manage Instructor - WorkFit/div_Mane' is clicked on

2022-12-21 22:26:06 - [MESSAGE][PASSED] - Object: 'Object Repository/Page_Manage Instructor - WorkFit/div_Mane' is clicked on

2022-12-21 22:26:06 - [TEST_STEP][PASSED] - closeBrowser(): Browser is closed

2022-12-21 22:26:07 - [MESSAGE][PASSED] - Browser is closed]]></system-out>
         <system-err><![CDATA[]]></system-err>
      </testcase>
      <testcase name="Test Cases/Instorctur/Positive/Edit" time="10.279" classname="Test Cases/Instorctur/Positive/Edit" status="PASSED">
         <system-out><![CDATA[2022-12-21 22:26:07 - [TEST_CASE][PASSED] - Test Cases/Instorctur/Positive/Edit: Test Cases/Instorctur/Positive/Edit

2022-12-21 22:26:07 - [TEST_STEP][PASSED] - openBrowser(""): Browser is opened with url: ''

2022-12-21 22:26:07 - [MESSAGE][INFO] - Starting 'Chrome' driver

2022-12-21 22:26:07 - [MESSAGE][INFO] - Action delay is set to 0 milliseconds

2022-12-21 22:26:08 - [MESSAGE][PASSED] - Browser is opened with url: ''

2022-12-21 22:26:08 - [TEST_STEP][PASSED] - maximizeWindow(): Current window maximized

2022-12-21 22:26:09 - [MESSAGE][PASSED] - Current window maximized

2022-12-21 22:26:09 - [TEST_STEP][PASSED] - navigateToUrl("https://fe-react-o3tcnp4lu-capstone-6.vercel.app/"): Navigate to 'https://fe-react-o3tcnp4lu-capstone-6.vercel.app/' successfully

2022-12-21 22:26:09 - [MESSAGE][PASSED] - Navigate to 'https://fe-react-o3tcnp4lu-capstone-6.vercel.app/' successfully

2022-12-21 22:26:09 - [TEST_STEP][PASSED] - click(findTestObject("Object Repository/Page_WorkFit/a_Login")): Object: 'Object Repository/Page_WorkFit/a_Login' is clicked on

2022-12-21 22:26:10 - [MESSAGE][PASSED] - Object: 'Object Repository/Page_WorkFit/a_Login' is clicked on

2022-12-21 22:26:10 - [TEST_STEP][PASSED] - setText(findTestObject("Object Repository/Page_Login Page - WorkFit/input_Email_email"), "qe1@gmail.com"): Text 'qe1@gmail.com' is set on object 'Object Repository/Page_Login Page - WorkFit/input_Email_email'

2022-12-21 22:26:11 - [MESSAGE][PASSED] - Text 'qe1@gmail.com' is set on object 'Object Repository/Page_Login Page - WorkFit/input_Email_email'

2022-12-21 22:26:11 - [TEST_STEP][PASSED] - setEncryptedText(findTestObject("Object Repository/Page_Login Page - WorkFit/input_Password_password"), "PzcU1FTwvrz2Y2eY7/dWBg=="): Text ****** has been set on object 'Object Repository/Page_Login Page - WorkFit/input_Password_password'

2022-12-21 22:26:11 - [MESSAGE][PASSED] - Text ****** has been set on object 'Object Repository/Page_Login Page - WorkFit/input_Password_password'

2022-12-21 22:26:11 - [TEST_STEP][PASSED] - click(findTestObject("Object Repository/Page_Login Page - WorkFit/button_Sign In")): Object: 'Object Repository/Page_Login Page - WorkFit/button_Sign In' is clicked on

2022-12-21 22:26:12 - [MESSAGE][PASSED] - Object: 'Object Repository/Page_Login Page - WorkFit/button_Sign In' is clicked on

2022-12-21 22:26:12 - [TEST_STEP][PASSED] - click(findTestObject("Object Repository/Page_Dashboard - WorkFit/div_SuccessLogin successOKNoCancel")): Object: 'Object Repository/Page_Dashboard - WorkFit/div_SuccessLogin successOKNoCancel' is clicked on

2022-12-21 22:26:13 - [MESSAGE][PASSED] - Object: 'Object Repository/Page_Dashboard - WorkFit/div_SuccessLogin successOKNoCancel' is clicked on

2022-12-21 22:26:13 - [TEST_STEP][PASSED] - click(findTestObject("Object Repository/Page_Dashboard - WorkFit/span_Instructor")): Object: 'Object Repository/Page_Dashboard - WorkFit/span_Instructor' is clicked on

2022-12-21 22:26:14 - [MESSAGE][PASSED] - Object: 'Object Repository/Page_Dashboard - WorkFit/span_Instructor' is clicked on

2022-12-21 22:26:14 - [TEST_STEP][PASSED] - click(findTestObject("Object Repository/Page_Manage Instructor - WorkFit/i_qe1gmail.com_fi fi-sr-pencil text-sm")): Object: 'Object Repository/Page_Manage Instructor - WorkFit/i_qe1gmail.com_fi fi-sr-pencil text-sm' is clicked on

2022-12-21 22:26:15 - [MESSAGE][PASSED] - Object: 'Object Repository/Page_Manage Instructor - WorkFit/i_qe1gmail.com_fi fi-sr-pencil text-sm' is clicked on

2022-12-21 22:26:15 - [TEST_STEP][PASSED] - setText(findTestObject("Object Repository/Page_Manage Instructor - WorkFit/input_Edit Instructor_instructor_name"), "Add"): Text 'Add' is set on object 'Object Repository/Page_Manage Instructor - WorkFit/input_Edit Instructor_instructor_name'

2022-12-21 22:26:16 - [MESSAGE][PASSED] - Text 'Add' is set on object 'Object Repository/Page_Manage Instructor - WorkFit/input_Edit Instructor_instructor_name'

2022-12-21 22:26:16 - [TEST_STEP][PASSED] - click(findTestObject("Object Repository/Page_Manage Instructor - WorkFit/button_Save")): Object: 'Object Repository/Page_Manage Instructor - WorkFit/button_Save' is clicked on

2022-12-21 22:26:16 - [MESSAGE][PASSED] - Object: 'Object Repository/Page_Manage Instructor - WorkFit/button_Save' is clicked on

2022-12-21 22:26:16 - [TEST_STEP][PASSED] - closeBrowser(): Browser is closed

2022-12-21 22:26:17 - [MESSAGE][PASSED] - Browser is closed]]></system-out>
         <system-err><![CDATA[]]></system-err>
      </testcase>
      <testcase name="Test Cases/Instorctur/Positive/Add" time="9.963" classname="Test Cases/Instorctur/Positive/Add" status="PASSED">
         <system-out><![CDATA[2022-12-21 22:26:17 - [TEST_CASE][PASSED] - Test Cases/Instorctur/Positive/Add: Test Cases/Instorctur/Positive/Add

2022-12-21 22:26:17 - [TEST_STEP][PASSED] - openBrowser(""): Browser is opened with url: ''

2022-12-21 22:26:17 - [MESSAGE][INFO] - Starting 'Chrome' driver

2022-12-21 22:26:17 - [MESSAGE][INFO] - Action delay is set to 0 milliseconds

2022-12-21 22:26:19 - [MESSAGE][PASSED] - Browser is opened with url: ''

2022-12-21 22:26:19 - [TEST_STEP][PASSED] - maximizeWindow(): Current window maximized

2022-12-21 22:26:19 - [MESSAGE][PASSED] - Current window maximized

2022-12-21 22:26:19 - [TEST_STEP][PASSED] - navigateToUrl("https://fe-react-o3tcnp4lu-capstone-6.vercel.app/"): Navigate to 'https://fe-react-o3tcnp4lu-capstone-6.vercel.app/' successfully

2022-12-21 22:26:20 - [MESSAGE][PASSED] - Navigate to 'https://fe-react-o3tcnp4lu-capstone-6.vercel.app/' successfully

2022-12-21 22:26:20 - [TEST_STEP][PASSED] - click(findTestObject("Object Repository/Page_WorkFit/a_Login")): Object: 'Object Repository/Page_WorkFit/a_Login' is clicked on

2022-12-21 22:26:20 - [MESSAGE][PASSED] - Object: 'Object Repository/Page_WorkFit/a_Login' is clicked on

2022-12-21 22:26:20 - [TEST_STEP][PASSED] - setText(findTestObject("Object Repository/Page_Login Page - WorkFit/input_Email_email"), "qe1@gmail.com"): Text 'qe1@gmail.com' is set on object 'Object Repository/Page_Login Page - WorkFit/input_Email_email'

2022-12-21 22:26:21 - [MESSAGE][PASSED] - Text 'qe1@gmail.com' is set on object 'Object Repository/Page_Login Page - WorkFit/input_Email_email'

2022-12-21 22:26:21 - [TEST_STEP][PASSED] - setEncryptedText(findTestObject("Object Repository/Page_Login Page - WorkFit/input_Password_password"), "PzcU1FTwvrz2Y2eY7/dWBg=="): Text ****** has been set on object 'Object Repository/Page_Login Page - WorkFit/input_Password_password'

2022-12-21 22:26:22 - [MESSAGE][PASSED] - Text ****** has been set on object 'Object Repository/Page_Login Page - WorkFit/input_Password_password'

2022-12-21 22:26:22 - [TEST_STEP][PASSED] - click(findTestObject("Object Repository/Page_Login Page - WorkFit/button_Sign In")): Object: 'Object Repository/Page_Login Page - WorkFit/button_Sign In' is clicked on

2022-12-21 22:26:22 - [MESSAGE][PASSED] - Object: 'Object Repository/Page_Login Page - WorkFit/button_Sign In' is clicked on

2022-12-21 22:26:22 - [TEST_STEP][PASSED] - click(findTestObject("Object Repository/Page_Dashboard - WorkFit/span_Instructor")): Object: 'Object Repository/Page_Dashboard - WorkFit/span_Instructor' is clicked on

2022-12-21 22:26:25 - [MESSAGE][PASSED] - Object: 'Object Repository/Page_Dashboard - WorkFit/span_Instructor' is clicked on

2022-12-21 22:26:25 - [TEST_STEP][PASSED] - click(findTestObject("Object Repository/Page_Manage Instructor - WorkFit/span_Add New")): Object: 'Object Repository/Page_Manage Instructor - WorkFit/span_Add New' is clicked on

2022-12-21 22:26:26 - [MESSAGE][PASSED] - Object: 'Object Repository/Page_Manage Instructor - WorkFit/span_Add New' is clicked on

2022-12-21 22:26:26 - [TEST_STEP][PASSED] - click(findTestObject("Object Repository/Page_Manage Instructor - WorkFit/input_Add New Instructor_instructor_name")): Object: 'Object Repository/Page_Manage Instructor - WorkFit/input_Add New Instructor_instructor_name' is clicked on

2022-12-21 22:26:26 - [MESSAGE][PASSED] - Object: 'Object Repository/Page_Manage Instructor - WorkFit/input_Add New Instructor_instructor_name' is clicked on

2022-12-21 22:26:26 - [TEST_STEP][PASSED] - closeBrowser(): Browser is closed

2022-12-21 22:26:27 - [MESSAGE][PASSED] - Browser is closed]]></system-out>
         <system-err><![CDATA[]]></system-err>
      </testcase>
      <system-out><![CDATA[2022-12-21 22:25:44 - [TEST_SUITE][PASSED] - Positive: Test Cases/Instorctur/Positive/Add]]></system-out>
      <system-err><![CDATA[]]></system-err>
   </testsuite>
</testsuites>
