<?xml version="1.0" encoding="UTF-8"?>
<testsuites name="Online" time="78.907" tests="6" failures="0" errors="0">
   <testsuite name="Online" tests="6" failures="0" errors="0" time="78.907" skipped="0" timestamp="2022-12-21 22:07:52" hostname="rivaldo - GABRIEL" id="Test Suites/Class/Online">
      <properties>
         <property name="deviceName" value=""/>
         <property name="devicePlatform" value=""/>
         <property name="logFolder" value="C:\\Users\\rivaldo\\Katalon Studio\\WEB CAPSTONE\\Reports\\20221221_220744\\Class\\Online\\20221221_220745"/>
         <property name="logFiles" value="C:\\Users\\rivaldo\\Katalon Studio\\WEB CAPSTONE\\Reports\\20221221_220744\\Class\\Online\\20221221_220745\\execution0.log"/>
         <property name="attachments" value=""/>
         <property name="hostName" value="rivaldo - GABRIEL"/>
         <property name="os" value="Windows 10 64bit"/>
         <property name="katalonVersion" value="8.3.0.208"/>
         <property name="browser" value="Chrome 108.0.0.0"/>
         <property name="hostAddress" value="192.168.1.20"/>
         <property name="sessionId" value="dc902fcb11e8d0636dfb3470c6dc18c5"/>
         <property name="seleniumVersion" value="3.141.59"/>
         <property name="proxyInformation" value="ProxyInformation { proxyOption=NO_PROXY, proxyServerType=HTTP, username=, password=********, proxyServerAddress=, proxyServerPort=0, executionList=&quot;&quot;, isApplyToDesiredCapabilities=true }"/>
         <property name="platform" value="Windows 10"/>
      </properties>
      <testcase name="Test Cases/Class/Online/add" time="14.67" classname="Test Cases/Class/Online/add" status="PASSED">
         <system-out><![CDATA[2022-12-21 22:07:52 - [TEST_CASE][PASSED] - Test Cases/Class/Online/add: Test Cases/Class/Online/add

2022-12-21 22:07:53 - [TEST_STEP][PASSED] - openBrowser(""): Browser is opened with url: ''

2022-12-21 22:07:53 - [MESSAGE][INFO] - Starting 'Chrome' driver

2022-12-21 22:07:53 - [MESSAGE][INFO] - Action delay is set to 0 milliseconds

2022-12-21 22:07:55 - [MESSAGE][PASSED] - Browser is opened with url: ''

2022-12-21 22:07:55 - [TEST_STEP][PASSED] - navigateToUrl("https://fe-react-o3tcnp4lu-capstone-6.vercel.app/"): Navigate to 'https://fe-react-o3tcnp4lu-capstone-6.vercel.app/' successfully

2022-12-21 22:07:56 - [MESSAGE][PASSED] - Navigate to 'https://fe-react-o3tcnp4lu-capstone-6.vercel.app/' successfully

2022-12-21 22:07:56 - [TEST_STEP][PASSED] - maximizeWindow(): Current window maximized

2022-12-21 22:07:56 - [MESSAGE][PASSED] - Current window maximized

2022-12-21 22:07:56 - [TEST_STEP][PASSED] - click(findTestObject("Object Repository/Page_WorkFit/a_Login")): Object: 'Object Repository/Page_WorkFit/a_Login' is clicked on

2022-12-21 22:07:57 - [MESSAGE][PASSED] - Object: 'Object Repository/Page_WorkFit/a_Login' is clicked on

2022-12-21 22:07:57 - [TEST_STEP][PASSED] - setText(findTestObject("Object Repository/Page_Login Page - WorkFit/input_Email_email"), "qe1@gmail.com"): Text 'qe1@gmail.com' is set on object 'Object Repository/Page_Login Page - WorkFit/input_Email_email'

2022-12-21 22:07:58 - [MESSAGE][PASSED] - Text 'qe1@gmail.com' is set on object 'Object Repository/Page_Login Page - WorkFit/input_Email_email'

2022-12-21 22:07:58 - [TEST_STEP][PASSED] - setEncryptedText(findTestObject("Object Repository/Page_Login Page - WorkFit/input_Password_password"), "PzcU1FTwvrz2Y2eY7/dWBg=="): Text ****** has been set on object 'Object Repository/Page_Login Page - WorkFit/input_Password_password'

2022-12-21 22:07:59 - [MESSAGE][PASSED] - Text ****** has been set on object 'Object Repository/Page_Login Page - WorkFit/input_Password_password'

2022-12-21 22:07:59 - [TEST_STEP][PASSED] - click(findTestObject("Object Repository/Page_Login Page - WorkFit/button_Sign In")): Object: 'Object Repository/Page_Login Page - WorkFit/button_Sign In' is clicked on

2022-12-21 22:07:59 - [MESSAGE][PASSED] - Object: 'Object Repository/Page_Login Page - WorkFit/button_Sign In' is clicked on

2022-12-21 22:07:59 - [TEST_STEP][PASSED] - click(findTestObject("Object Repository/Page_Dashboard - WorkFit/div_Classes")): Object: 'Object Repository/Page_Dashboard - WorkFit/div_Classes' is clicked on

2022-12-21 22:08:03 - [MESSAGE][PASSED] - Object: 'Object Repository/Page_Dashboard - WorkFit/div_Classes' is clicked on

2022-12-21 22:08:03 - [TEST_STEP][PASSED] - click(findTestObject("Object Repository/Page_Manage Offline Classes - WorkFit/span_Online")): Object: 'Object Repository/Page_Manage Offline Classes - WorkFit/span_Online' is clicked on

2022-12-21 22:08:03 - [MESSAGE][PASSED] - Object: 'Object Repository/Page_Manage Offline Classes - WorkFit/span_Online' is clicked on

2022-12-21 22:08:03 - [TEST_STEP][PASSED] - click(findTestObject("Object Repository/Page_Manage Online Classes - WorkFit/div_Online")): Object: 'Object Repository/Page_Manage Online Classes - WorkFit/div_Online' is clicked on

2022-12-21 22:08:04 - [MESSAGE][PASSED] - Object: 'Object Repository/Page_Manage Online Classes - WorkFit/div_Online' is clicked on

2022-12-21 22:08:04 - [TEST_STEP][PASSED] - click(findTestObject("Object Repository/Page_Manage Online Classes - WorkFit/button_Add New")): Object: 'Object Repository/Page_Manage Online Classes - WorkFit/button_Add New' is clicked on

2022-12-21 22:08:04 - [MESSAGE][PASSED] - Object: 'Object Repository/Page_Manage Online Classes - WorkFit/button_Add New' is clicked on

2022-12-21 22:08:04 - [TEST_STEP][PASSED] - click(findTestObject("Object Repository/Page_Manage Online Classes - WorkFit/input_Add New Online Classes_video_title")): Object: 'Object Repository/Page_Manage Online Classes - WorkFit/input_Add New Online Classes_video_title' is clicked on

2022-12-21 22:08:05 - [MESSAGE][PASSED] - Object: 'Object Repository/Page_Manage Online Classes - WorkFit/input_Add New Online Classes_video_title' is clicked on

2022-12-21 22:08:05 - [TEST_STEP][PASSED] - click(findTestObject("Object Repository/Page_Manage Online Classes - WorkFit/div_Select workout category_css-ackcql")): Object: 'Object Repository/Page_Manage Online Classes - WorkFit/div_Select workout category_css-ackcql' is clicked on

2022-12-21 22:08:05 - [MESSAGE][PASSED] - Object: 'Object Repository/Page_Manage Online Classes - WorkFit/div_Select workout category_css-ackcql' is clicked on

2022-12-21 22:08:05 - [TEST_STEP][PASSED] - click(findTestObject("Object Repository/Page_Manage Online Classes - WorkFit/button_Cancel")): Object: 'Object Repository/Page_Manage Online Classes - WorkFit/button_Cancel' is clicked on

2022-12-21 22:08:06 - [MESSAGE][PASSED] - Object: 'Object Repository/Page_Manage Online Classes - WorkFit/button_Cancel' is clicked on

2022-12-21 22:08:06 - [TEST_STEP][PASSED] - closeBrowser(): Browser is closed

2022-12-21 22:08:07 - [MESSAGE][PASSED] - Browser is closed]]></system-out>
         <system-err><![CDATA[]]></system-err>
      </testcase>
      <testcase name="Test Cases/Class/Online/CancelDelete" time="12.365" classname="Test Cases/Class/Online/CancelDelete" status="PASSED">
         <system-out><![CDATA[2022-12-21 22:08:07 - [TEST_CASE][PASSED] - Test Cases/Class/Online/CancelDelete: Test Cases/Class/Online/CancelDelete

2022-12-21 22:08:07 - [TEST_STEP][PASSED] - openBrowser(""): Browser is opened with url: ''

2022-12-21 22:08:07 - [MESSAGE][INFO] - Starting 'Chrome' driver

2022-12-21 22:08:07 - [MESSAGE][INFO] - Action delay is set to 0 milliseconds

2022-12-21 22:08:09 - [MESSAGE][PASSED] - Browser is opened with url: ''

2022-12-21 22:08:09 - [TEST_STEP][PASSED] - navigateToUrl("https://fe-react-o3tcnp4lu-capstone-6.vercel.app/"): Navigate to 'https://fe-react-o3tcnp4lu-capstone-6.vercel.app/' successfully

2022-12-21 22:08:09 - [MESSAGE][PASSED] - Navigate to 'https://fe-react-o3tcnp4lu-capstone-6.vercel.app/' successfully

2022-12-21 22:08:09 - [TEST_STEP][PASSED] - maximizeWindow(): Current window maximized

2022-12-21 22:08:09 - [MESSAGE][PASSED] - Current window maximized

2022-12-21 22:08:09 - [TEST_STEP][PASSED] - click(findTestObject("Object Repository/Page_WorkFit/a_Login")): Object: 'Object Repository/Page_WorkFit/a_Login' is clicked on

2022-12-21 22:08:10 - [MESSAGE][PASSED] - Object: 'Object Repository/Page_WorkFit/a_Login' is clicked on

2022-12-21 22:08:10 - [TEST_STEP][PASSED] - click(findTestObject("Object Repository/Page_Login Page - WorkFit/input_Email_email")): Object: 'Object Repository/Page_Login Page - WorkFit/input_Email_email' is clicked on

2022-12-21 22:08:10 - [MESSAGE][PASSED] - Object: 'Object Repository/Page_Login Page - WorkFit/input_Email_email' is clicked on

2022-12-21 22:08:10 - [TEST_STEP][PASSED] - setText(findTestObject("Object Repository/Page_Login Page - WorkFit/input_Email_email"), "qe1@gmail.com"): Text 'qe1@gmail.com' is set on object 'Object Repository/Page_Login Page - WorkFit/input_Email_email'

2022-12-21 22:08:11 - [MESSAGE][PASSED] - Text 'qe1@gmail.com' is set on object 'Object Repository/Page_Login Page - WorkFit/input_Email_email'

2022-12-21 22:08:11 - [TEST_STEP][PASSED] - setEncryptedText(findTestObject("Object Repository/Page_Login Page - WorkFit/input_Password_password"), "PzcU1FTwvrz2Y2eY7/dWBg=="): Text ****** has been set on object 'Object Repository/Page_Login Page - WorkFit/input_Password_password'

2022-12-21 22:08:12 - [MESSAGE][PASSED] - Text ****** has been set on object 'Object Repository/Page_Login Page - WorkFit/input_Password_password'

2022-12-21 22:08:12 - [TEST_STEP][PASSED] - click(findTestObject("Object Repository/Page_Login Page - WorkFit/button_Sign In")): Object: 'Object Repository/Page_Login Page - WorkFit/button_Sign In' is clicked on

2022-12-21 22:08:12 - [MESSAGE][PASSED] - Object: 'Object Repository/Page_Login Page - WorkFit/button_Sign In' is clicked on

2022-12-21 22:08:12 - [TEST_STEP][PASSED] - click(findTestObject("Object Repository/Page_Dashboard - WorkFit/div_Classes")): Object: 'Object Repository/Page_Dashboard - WorkFit/div_Classes' is clicked on

2022-12-21 22:08:15 - [MESSAGE][PASSED] - Object: 'Object Repository/Page_Dashboard - WorkFit/div_Classes' is clicked on

2022-12-21 22:08:15 - [TEST_STEP][PASSED] - click(findTestObject("Object Repository/Page_Manage Offline Classes - WorkFit/span_Online")): Object: 'Object Repository/Page_Manage Offline Classes - WorkFit/span_Online' is clicked on

2022-12-21 22:08:16 - [MESSAGE][PASSED] - Object: 'Object Repository/Page_Manage Offline Classes - WorkFit/span_Online' is clicked on

2022-12-21 22:08:16 - [TEST_STEP][PASSED] - click(findTestObject("Object Repository/Page_Manage Online Classes - WorkFit/div_Online")): Object: 'Object Repository/Page_Manage Online Classes - WorkFit/div_Online' is clicked on

2022-12-21 22:08:17 - [MESSAGE][PASSED] - Object: 'Object Repository/Page_Manage Online Classes - WorkFit/div_Online' is clicked on

2022-12-21 22:08:17 - [TEST_STEP][PASSED] - click(findTestObject("Object Repository/Page_Manage Online Classes - WorkFit/i_Sit Up_fi fi-rr-menu-dots-vertical")): Object: 'Object Repository/Page_Manage Online Classes - WorkFit/i_Sit Up_fi fi-rr-menu-dots-vertical' is clicked on

2022-12-21 22:08:17 - [MESSAGE][PASSED] - Object: 'Object Repository/Page_Manage Online Classes - WorkFit/i_Sit Up_fi fi-rr-menu-dots-vertical' is clicked on

2022-12-21 22:08:17 - [TEST_STEP][PASSED] - click(findTestObject("Object Repository/Page_Manage Online Classes - WorkFit/button_Delete")): Object: 'Object Repository/Page_Manage Online Classes - WorkFit/button_Delete' is clicked on

2022-12-21 22:08:18 - [MESSAGE][PASSED] - Object: 'Object Repository/Page_Manage Online Classes - WorkFit/button_Delete' is clicked on

2022-12-21 22:08:18 - [TEST_STEP][PASSED] - click(findTestObject("Object Repository/Page_Manage Online Classes - WorkFit/button_No, Cancel")): Object: 'Object Repository/Page_Manage Online Classes - WorkFit/button_No, Cancel' is clicked on

2022-12-21 22:08:18 - [MESSAGE][PASSED] - Object: 'Object Repository/Page_Manage Online Classes - WorkFit/button_No, Cancel' is clicked on

2022-12-21 22:08:18 - [TEST_STEP][PASSED] - closeBrowser(): Browser is closed

2022-12-21 22:08:19 - [MESSAGE][PASSED] - Browser is closed]]></system-out>
         <system-err><![CDATA[]]></system-err>
      </testcase>
      <testcase name="Test Cases/Class/Online/edit" time="14.885" classname="Test Cases/Class/Online/edit" status="PASSED">
         <system-out><![CDATA[2022-12-21 22:08:19 - [TEST_CASE][PASSED] - Test Cases/Class/Online/edit: Test Cases/Class/Online/edit

2022-12-21 22:08:19 - [TEST_STEP][PASSED] - openBrowser(""): Browser is opened with url: ''

2022-12-21 22:08:19 - [MESSAGE][INFO] - Starting 'Chrome' driver

2022-12-21 22:08:19 - [MESSAGE][INFO] - Action delay is set to 0 milliseconds

2022-12-21 22:08:21 - [MESSAGE][PASSED] - Browser is opened with url: ''

2022-12-21 22:08:21 - [TEST_STEP][PASSED] - navigateToUrl("https://fe-react-o3tcnp4lu-capstone-6.vercel.app/"): Navigate to 'https://fe-react-o3tcnp4lu-capstone-6.vercel.app/' successfully

2022-12-21 22:08:22 - [MESSAGE][PASSED] - Navigate to 'https://fe-react-o3tcnp4lu-capstone-6.vercel.app/' successfully

2022-12-21 22:08:22 - [TEST_STEP][PASSED] - maximizeWindow(): Current window maximized

2022-12-21 22:08:22 - [MESSAGE][PASSED] - Current window maximized

2022-12-21 22:08:22 - [TEST_STEP][PASSED] - click(findTestObject("Object Repository/Page_WorkFit/a_Login")): Object: 'Object Repository/Page_WorkFit/a_Login' is clicked on

2022-12-21 22:08:22 - [MESSAGE][PASSED] - Object: 'Object Repository/Page_WorkFit/a_Login' is clicked on

2022-12-21 22:08:22 - [TEST_STEP][PASSED] - setText(findTestObject("Object Repository/Page_Login Page - WorkFit/input_Email_email"), "qe1@gmail.com"): Text 'qe1@gmail.com' is set on object 'Object Repository/Page_Login Page - WorkFit/input_Email_email'

2022-12-21 22:08:23 - [MESSAGE][PASSED] - Text 'qe1@gmail.com' is set on object 'Object Repository/Page_Login Page - WorkFit/input_Email_email'

2022-12-21 22:08:23 - [TEST_STEP][PASSED] - setEncryptedText(findTestObject("Object Repository/Page_Login Page - WorkFit/input_Password_password"), "PzcU1FTwvrz2Y2eY7/dWBg=="): Text ****** has been set on object 'Object Repository/Page_Login Page - WorkFit/input_Password_password'

2022-12-21 22:08:24 - [MESSAGE][PASSED] - Text ****** has been set on object 'Object Repository/Page_Login Page - WorkFit/input_Password_password'

2022-12-21 22:08:24 - [TEST_STEP][PASSED] - click(findTestObject("Object Repository/Page_Login Page - WorkFit/button_Sign In")): Object: 'Object Repository/Page_Login Page - WorkFit/button_Sign In' is clicked on

2022-12-21 22:08:24 - [MESSAGE][PASSED] - Object: 'Object Repository/Page_Login Page - WorkFit/button_Sign In' is clicked on

2022-12-21 22:08:24 - [TEST_STEP][PASSED] - click(findTestObject("Object Repository/Page_Dashboard - WorkFit/div_Classes")): Object: 'Object Repository/Page_Dashboard - WorkFit/div_Classes' is clicked on

2022-12-21 22:08:28 - [MESSAGE][PASSED] - Object: 'Object Repository/Page_Dashboard - WorkFit/div_Classes' is clicked on

2022-12-21 22:08:28 - [TEST_STEP][PASSED] - click(findTestObject("Object Repository/Page_Manage Offline Classes - WorkFit/div_Online")): Object: 'Object Repository/Page_Manage Offline Classes - WorkFit/div_Online' is clicked on

2022-12-21 22:08:28 - [MESSAGE][PASSED] - Object: 'Object Repository/Page_Manage Offline Classes - WorkFit/div_Online' is clicked on

2022-12-21 22:08:28 - [TEST_STEP][PASSED] - click(findTestObject("Object Repository/Page_Manage Online Classes - WorkFit/span_Online")): Object: 'Object Repository/Page_Manage Online Classes - WorkFit/span_Online' is clicked on

2022-12-21 22:08:29 - [MESSAGE][PASSED] - Object: 'Object Repository/Page_Manage Online Classes - WorkFit/span_Online' is clicked on

2022-12-21 22:08:29 - [TEST_STEP][PASSED] - click(findTestObject("Object Repository/Page_Manage Online Classes - WorkFit/button_Sit Up_absolute right-0 top-0 cursor_ab5f38")): Object: 'Object Repository/Page_Manage Online Classes - WorkFit/button_Sit Up_absolute right-0 top-0 cursor_ab5f38' is clicked on

2022-12-21 22:08:29 - [MESSAGE][PASSED] - Object: 'Object Repository/Page_Manage Online Classes - WorkFit/button_Sit Up_absolute right-0 top-0 cursor_ab5f38' is clicked on

2022-12-21 22:08:29 - [TEST_STEP][PASSED] - click(findTestObject("Object Repository/Page_Manage Online Classes - WorkFit/button_Edit")): Object: 'Object Repository/Page_Manage Online Classes - WorkFit/button_Edit' is clicked on

2022-12-21 22:08:30 - [MESSAGE][PASSED] - Object: 'Object Repository/Page_Manage Online Classes - WorkFit/button_Edit' is clicked on

2022-12-21 22:08:30 - [TEST_STEP][PASSED] - click(findTestObject("Object Repository/Page_Manage Online Classes - WorkFit/div_Zumba_css-ackcql")): Object: 'Object Repository/Page_Manage Online Classes - WorkFit/div_Zumba_css-ackcql' is clicked on

2022-12-21 22:08:31 - [MESSAGE][PASSED] - Object: 'Object Repository/Page_Manage Online Classes - WorkFit/div_Zumba_css-ackcql' is clicked on

2022-12-21 22:08:31 - [TEST_STEP][PASSED] - click(findTestObject("Object Repository/Page_Manage Online Classes - WorkFit/div_Sit Up")): Object: 'Object Repository/Page_Manage Online Classes - WorkFit/div_Sit Up' is clicked on

2022-12-21 22:08:31 - [MESSAGE][PASSED] - Object: 'Object Repository/Page_Manage Online Classes - WorkFit/div_Sit Up' is clicked on

2022-12-21 22:08:31 - [TEST_STEP][PASSED] - click(findTestObject("Object Repository/Page_Manage Online Classes - WorkFit/button_Save")): Object: 'Object Repository/Page_Manage Online Classes - WorkFit/button_Save' is clicked on

2022-12-21 22:08:31 - [MESSAGE][PASSED] - Object: 'Object Repository/Page_Manage Online Classes - WorkFit/button_Save' is clicked on

2022-12-21 22:08:31 - [TEST_STEP][PASSED] - verifyElementText(findTestObject("Object Repository/Page_Manage Online Classes - WorkFit/h2_Updated"), "Updated"): Actual text and expected text of test object 'Object Repository/Page_Manage Online Classes - WorkFit/h2_Updated' are matched.

2022-12-21 22:08:33 - [MESSAGE][PASSED] - Actual text and expected text of test object 'Object Repository/Page_Manage Online Classes - WorkFit/h2_Updated' are matched.

2022-12-21 22:08:33 - [TEST_STEP][PASSED] - closeBrowser(): Browser is closed

2022-12-21 22:08:34 - [MESSAGE][PASSED] - Browser is closed]]></system-out>
         <system-err><![CDATA[]]></system-err>
      </testcase>
      <testcase name="Test Cases/Class/Online/PlayVideo" time="12.045" classname="Test Cases/Class/Online/PlayVideo" status="PASSED">
         <system-out><![CDATA[2022-12-21 22:08:34 - [TEST_CASE][PASSED] - Test Cases/Class/Online/PlayVideo: Test Cases/Class/Online/PlayVideo

2022-12-21 22:08:34 - [TEST_STEP][PASSED] - openBrowser(""): Browser is opened with url: ''

2022-12-21 22:08:34 - [MESSAGE][INFO] - Starting 'Chrome' driver

2022-12-21 22:08:34 - [MESSAGE][INFO] - Action delay is set to 0 milliseconds

2022-12-21 22:08:36 - [MESSAGE][PASSED] - Browser is opened with url: ''

2022-12-21 22:08:36 - [TEST_STEP][PASSED] - maximizeWindow(): Current window maximized

2022-12-21 22:08:36 - [MESSAGE][PASSED] - Current window maximized

2022-12-21 22:08:36 - [TEST_STEP][PASSED] - navigateToUrl("https://fe-react-o3tcnp4lu-capstone-6.vercel.app/"): Navigate to 'https://fe-react-o3tcnp4lu-capstone-6.vercel.app/' successfully

2022-12-21 22:08:37 - [MESSAGE][PASSED] - Navigate to 'https://fe-react-o3tcnp4lu-capstone-6.vercel.app/' successfully

2022-12-21 22:08:37 - [TEST_STEP][PASSED] - click(findTestObject("Object Repository/Page_WorkFit/a_Login")): Object: 'Object Repository/Page_WorkFit/a_Login' is clicked on

2022-12-21 22:08:37 - [MESSAGE][PASSED] - Object: 'Object Repository/Page_WorkFit/a_Login' is clicked on

2022-12-21 22:08:37 - [TEST_STEP][PASSED] - setText(findTestObject("Object Repository/Page_Login Page - WorkFit/input_Email_email"), "qe1@gmail.com"): Text 'qe1@gmail.com' is set on object 'Object Repository/Page_Login Page - WorkFit/input_Email_email'

2022-12-21 22:08:38 - [MESSAGE][PASSED] - Text 'qe1@gmail.com' is set on object 'Object Repository/Page_Login Page - WorkFit/input_Email_email'

2022-12-21 22:08:38 - [TEST_STEP][PASSED] - setEncryptedText(findTestObject("Object Repository/Page_Login Page - WorkFit/input_Password_password"), "PzcU1FTwvrz2Y2eY7/dWBg=="): Text ****** has been set on object 'Object Repository/Page_Login Page - WorkFit/input_Password_password'

2022-12-21 22:08:39 - [MESSAGE][PASSED] - Text ****** has been set on object 'Object Repository/Page_Login Page - WorkFit/input_Password_password'

2022-12-21 22:08:39 - [TEST_STEP][PASSED] - click(findTestObject("Object Repository/Page_Login Page - WorkFit/i_Password_fi fi-rr-eye absolute right-0.5 _96921a")): Object: 'Object Repository/Page_Login Page - WorkFit/i_Password_fi fi-rr-eye absolute right-0.5 _96921a' is clicked on

2022-12-21 22:08:39 - [MESSAGE][PASSED] - Object: 'Object Repository/Page_Login Page - WorkFit/i_Password_fi fi-rr-eye absolute right-0.5 _96921a' is clicked on

2022-12-21 22:08:39 - [TEST_STEP][PASSED] - click(findTestObject("Object Repository/Page_Login Page - WorkFit/button_Sign In")): Object: 'Object Repository/Page_Login Page - WorkFit/button_Sign In' is clicked on

2022-12-21 22:08:40 - [MESSAGE][PASSED] - Object: 'Object Repository/Page_Login Page - WorkFit/button_Sign In' is clicked on

2022-12-21 22:08:40 - [TEST_STEP][PASSED] - click(findTestObject("Object Repository/Page_Dashboard - WorkFit/span_Classes")): Object: 'Object Repository/Page_Dashboard - WorkFit/span_Classes' is clicked on

2022-12-21 22:08:43 - [MESSAGE][PASSED] - Object: 'Object Repository/Page_Dashboard - WorkFit/span_Classes' is clicked on

2022-12-21 22:08:43 - [TEST_STEP][PASSED] - click(findTestObject("Object Repository/Page_Manage Offline Classes - WorkFit/span_Online")): Object: 'Object Repository/Page_Manage Offline Classes - WorkFit/span_Online' is clicked on

2022-12-21 22:08:44 - [MESSAGE][PASSED] - Object: 'Object Repository/Page_Manage Offline Classes - WorkFit/span_Online' is clicked on

2022-12-21 22:08:44 - [TEST_STEP][PASSED] - click(findTestObject("Object Repository/Page_Manage Online Classes - WorkFit/i_Yoga_fi fi-sr-play text-4xl text-white")): Object: 'Object Repository/Page_Manage Online Classes - WorkFit/i_Yoga_fi fi-sr-play text-4xl text-white' is clicked on

2022-12-21 22:08:44 - [MESSAGE][PASSED] - Object: 'Object Repository/Page_Manage Online Classes - WorkFit/i_Yoga_fi fi-sr-play text-4xl text-white' is clicked on

2022-12-21 22:08:44 - [TEST_STEP][PASSED] - click(findTestObject("Object Repository/Page_Manage Online Classes - WorkFit/video")): Object: 'Object Repository/Page_Manage Online Classes - WorkFit/video' is clicked on

2022-12-21 22:08:45 - [MESSAGE][PASSED] - Object: 'Object Repository/Page_Manage Online Classes - WorkFit/video' is clicked on

2022-12-21 22:08:45 - [TEST_STEP][PASSED] - click(findTestObject("Object Repository/Page_Manage Online Classes - WorkFit/video")): Object: 'Object Repository/Page_Manage Online Classes - WorkFit/video' is clicked on

2022-12-21 22:08:45 - [MESSAGE][PASSED] - Object: 'Object Repository/Page_Manage Online Classes - WorkFit/video' is clicked on

2022-12-21 22:08:45 - [TEST_STEP][PASSED] - closeBrowser(): Browser is closed

2022-12-21 22:08:46 - [MESSAGE][PASSED] - Browser is closed]]></system-out>
         <system-err><![CDATA[]]></system-err>
      </testcase>
      <testcase name="Test Cases/Class/Online/Search" time="11.566" classname="Test Cases/Class/Online/Search" status="PASSED">
         <system-out><![CDATA[2022-12-21 22:08:46 - [TEST_CASE][PASSED] - Test Cases/Class/Online/Search: Test Cases/Class/Online/Search

2022-12-21 22:08:46 - [TEST_STEP][PASSED] - openBrowser(""): Browser is opened with url: ''

2022-12-21 22:08:46 - [MESSAGE][INFO] - Starting 'Chrome' driver

2022-12-21 22:08:46 - [MESSAGE][INFO] - Action delay is set to 0 milliseconds

2022-12-21 22:08:48 - [MESSAGE][PASSED] - Browser is opened with url: ''

2022-12-21 22:08:48 - [TEST_STEP][PASSED] - navigateToUrl("https://fe-react-o3tcnp4lu-capstone-6.vercel.app/"): Navigate to 'https://fe-react-o3tcnp4lu-capstone-6.vercel.app/' successfully

2022-12-21 22:08:49 - [MESSAGE][PASSED] - Navigate to 'https://fe-react-o3tcnp4lu-capstone-6.vercel.app/' successfully

2022-12-21 22:08:49 - [TEST_STEP][PASSED] - maximizeWindow(): Current window maximized

2022-12-21 22:08:49 - [MESSAGE][PASSED] - Current window maximized

2022-12-21 22:08:49 - [TEST_STEP][PASSED] - click(findTestObject("Object Repository/Page_WorkFit/a_Login")): Object: 'Object Repository/Page_WorkFit/a_Login' is clicked on

2022-12-21 22:08:50 - [MESSAGE][PASSED] - Object: 'Object Repository/Page_WorkFit/a_Login' is clicked on

2022-12-21 22:08:50 - [TEST_STEP][PASSED] - setText(findTestObject("Object Repository/Page_Login Page - WorkFit/input_Email_email"), "qe1@gmail.com"): Text 'qe1@gmail.com' is set on object 'Object Repository/Page_Login Page - WorkFit/input_Email_email'

2022-12-21 22:08:50 - [MESSAGE][PASSED] - Text 'qe1@gmail.com' is set on object 'Object Repository/Page_Login Page - WorkFit/input_Email_email'

2022-12-21 22:08:50 - [TEST_STEP][PASSED] - setEncryptedText(findTestObject("Object Repository/Page_Login Page - WorkFit/input_Password_password"), "PzcU1FTwvrz2Y2eY7/dWBg=="): Text ****** has been set on object 'Object Repository/Page_Login Page - WorkFit/input_Password_password'

2022-12-21 22:08:51 - [MESSAGE][PASSED] - Text ****** has been set on object 'Object Repository/Page_Login Page - WorkFit/input_Password_password'

2022-12-21 22:08:51 - [TEST_STEP][PASSED] - click(findTestObject("Object Repository/Page_Login Page - WorkFit/button_Sign In")): Object: 'Object Repository/Page_Login Page - WorkFit/button_Sign In' is clicked on

2022-12-21 22:08:51 - [MESSAGE][PASSED] - Object: 'Object Repository/Page_Login Page - WorkFit/button_Sign In' is clicked on

2022-12-21 22:08:51 - [TEST_STEP][PASSED] - click(findTestObject("Object Repository/Page_Dashboard - WorkFit/div_Article")): Object: 'Object Repository/Page_Dashboard - WorkFit/div_Article' is clicked on

2022-12-21 22:08:55 - [MESSAGE][PASSED] - Object: 'Object Repository/Page_Dashboard - WorkFit/div_Article' is clicked on

2022-12-21 22:08:55 - [TEST_STEP][PASSED] - setText(findTestObject("Object Repository/Page_Manage Article - WorkFit/input_Manage Article_block w-full rounded-l_8014e5"), "NOTHING"): Text 'NOTHING' is set on object 'Object Repository/Page_Manage Article - WorkFit/input_Manage Article_block w-full rounded-l_8014e5'

2022-12-21 22:08:56 - [MESSAGE][PASSED] - Text 'NOTHING' is set on object 'Object Repository/Page_Manage Article - WorkFit/input_Manage Article_block w-full rounded-l_8014e5'

2022-12-21 22:08:56 - [TEST_STEP][PASSED] - click(findTestObject("Object Repository/Page_Manage Article - WorkFit/div_Data article not found")): Object: 'Object Repository/Page_Manage Article - WorkFit/div_Data article not found' is clicked on

2022-12-21 22:08:56 - [MESSAGE][PASSED] - Object: 'Object Repository/Page_Manage Article - WorkFit/div_Data article not found' is clicked on

2022-12-21 22:08:56 - [TEST_STEP][PASSED] - verifyElementPresent(findTestObject("Object Repository/Page_Manage Article - WorkFit/div_Data article not found"), 0): Object 'Object Repository/Page_Manage Article - WorkFit/div_Data article not found' is present

2022-12-21 22:08:56 - [MESSAGE][WARNING] - Timeout '0' is invalid. Using default page load timeout: '30'

2022-12-21 22:08:57 - [MESSAGE][PASSED] - Object 'Object Repository/Page_Manage Article - WorkFit/div_Data article not found' is present

2022-12-21 22:08:57 - [TEST_STEP][PASSED] - closeBrowser(): Browser is closed

2022-12-21 22:08:58 - [MESSAGE][PASSED] - Browser is closed]]></system-out>
         <system-err><![CDATA[]]></system-err>
      </testcase>
      <testcase name="Test Cases/Class/Online/SeeList" time="13.046" classname="Test Cases/Class/Online/SeeList" status="PASSED">
         <system-out><![CDATA[2022-12-21 22:08:58 - [TEST_CASE][PASSED] - Test Cases/Class/Online/SeeList: Test Cases/Class/Online/SeeList

2022-12-21 22:08:58 - [TEST_STEP][PASSED] - openBrowser(""): Browser is opened with url: ''

2022-12-21 22:08:58 - [MESSAGE][INFO] - Starting 'Chrome' driver

2022-12-21 22:08:58 - [MESSAGE][INFO] - Action delay is set to 0 milliseconds

2022-12-21 22:09:00 - [MESSAGE][PASSED] - Browser is opened with url: ''

2022-12-21 22:09:00 - [TEST_STEP][PASSED] - maximizeWindow(): Current window maximized

2022-12-21 22:09:00 - [MESSAGE][PASSED] - Current window maximized

2022-12-21 22:09:00 - [TEST_STEP][PASSED] - navigateToUrl("https://fe-react-o3tcnp4lu-capstone-6.vercel.app/"): Navigate to 'https://fe-react-o3tcnp4lu-capstone-6.vercel.app/' successfully

2022-12-21 22:09:00 - [MESSAGE][PASSED] - Navigate to 'https://fe-react-o3tcnp4lu-capstone-6.vercel.app/' successfully

2022-12-21 22:09:00 - [TEST_STEP][PASSED] - click(findTestObject("Object Repository/Page_WorkFit/a_Login")): Object: 'Object Repository/Page_WorkFit/a_Login' is clicked on

2022-12-21 22:09:01 - [MESSAGE][PASSED] - Object: 'Object Repository/Page_WorkFit/a_Login' is clicked on

2022-12-21 22:09:01 - [TEST_STEP][PASSED] - setText(findTestObject("Object Repository/Page_Login Page - WorkFit/input_Email_email"), "qe1@gamil.com"): Text 'qe1@gamil.com' is set on object 'Object Repository/Page_Login Page - WorkFit/input_Email_email'

2022-12-21 22:09:02 - [MESSAGE][PASSED] - Text 'qe1@gamil.com' is set on object 'Object Repository/Page_Login Page - WorkFit/input_Email_email'

2022-12-21 22:09:02 - [TEST_STEP][PASSED] - click(findTestObject("Object Repository/Page_Login Page - WorkFit/input_Email_email")): Object: 'Object Repository/Page_Login Page - WorkFit/input_Email_email' is clicked on

2022-12-21 22:09:02 - [MESSAGE][PASSED] - Object: 'Object Repository/Page_Login Page - WorkFit/input_Email_email' is clicked on

2022-12-21 22:09:02 - [TEST_STEP][PASSED] - setText(findTestObject("Object Repository/Page_Login Page - WorkFit/input_Email_email"), "qe1@gmail.com"): Text 'qe1@gmail.com' is set on object 'Object Repository/Page_Login Page - WorkFit/input_Email_email'

2022-12-21 22:09:03 - [MESSAGE][PASSED] - Text 'qe1@gmail.com' is set on object 'Object Repository/Page_Login Page - WorkFit/input_Email_email'

2022-12-21 22:09:03 - [TEST_STEP][PASSED] - setEncryptedText(findTestObject("Object Repository/Page_Login Page - WorkFit/input_Password_password"), "PzcU1FTwvrz2Y2eY7/dWBg=="): Text ****** has been set on object 'Object Repository/Page_Login Page - WorkFit/input_Password_password'

2022-12-21 22:09:04 - [MESSAGE][PASSED] - Text ****** has been set on object 'Object Repository/Page_Login Page - WorkFit/input_Password_password'

2022-12-21 22:09:04 - [TEST_STEP][PASSED] - click(findTestObject("Object Repository/Page_Login Page - WorkFit/button_Sign In")): Object: 'Object Repository/Page_Login Page - WorkFit/button_Sign In' is clicked on

2022-12-21 22:09:04 - [MESSAGE][PASSED] - Object: 'Object Repository/Page_Login Page - WorkFit/button_Sign In' is clicked on

2022-12-21 22:09:04 - [TEST_STEP][PASSED] - click(findTestObject("Object Repository/Page_Dashboard - WorkFit/span_Classes")): Object: 'Object Repository/Page_Dashboard - WorkFit/span_Classes' is clicked on

2022-12-21 22:09:07 - [MESSAGE][PASSED] - Object: 'Object Repository/Page_Dashboard - WorkFit/span_Classes' is clicked on

2022-12-21 22:09:07 - [TEST_STEP][PASSED] - click(findTestObject("Object Repository/Page_Manage Offline Classes - WorkFit/span_Online")): Object: 'Object Repository/Page_Manage Offline Classes - WorkFit/span_Online' is clicked on

2022-12-21 22:09:08 - [MESSAGE][PASSED] - Object: 'Object Repository/Page_Manage Offline Classes - WorkFit/span_Online' is clicked on

2022-12-21 22:09:08 - [TEST_STEP][PASSED] - click(findTestObject("Object Repository/Page_Manage Online Classes - WorkFit/div_Yoga_react-player__preview")): Object: 'Object Repository/Page_Manage Online Classes - WorkFit/div_Yoga_react-player__preview' is clicked on

2022-12-21 22:09:09 - [MESSAGE][PASSED] - Object: 'Object Repository/Page_Manage Online Classes - WorkFit/div_Yoga_react-player__preview' is clicked on

2022-12-21 22:09:09 - [TEST_STEP][PASSED] - click(findTestObject("Object Repository/Page_Manage Online Classes - WorkFit/div_Coba ajaCoba ajaYogaRp 10.000coba aja")): Object: 'Object Repository/Page_Manage Online Classes - WorkFit/div_Coba ajaCoba ajaYogaRp 10.000coba aja' is clicked on

2022-12-21 22:09:09 - [MESSAGE][PASSED] - Object: 'Object Repository/Page_Manage Online Classes - WorkFit/div_Coba ajaCoba ajaYogaRp 10.000coba aja' is clicked on

2022-12-21 22:09:09 - [TEST_STEP][PASSED] - closeBrowser(): Browser is closed

2022-12-21 22:09:11 - [MESSAGE][PASSED] - Browser is closed]]></system-out>
         <system-err><![CDATA[]]></system-err>
      </testcase>
      <system-out><![CDATA[2022-12-21 22:07:52 - [TEST_SUITE][PASSED] - Online: Test Cases/Class/Online/SeeList]]></system-out>
      <system-err><![CDATA[]]></system-err>
   </testsuite>
</testsuites>
