<?xml version="1.0" encoding="UTF-8"?>
<testsuites name="Login" time="79.194" tests="9" failures="0" errors="0">
   <testsuite name="Login" tests="9" failures="0" errors="0" time="79.194" skipped="0" timestamp="2022-12-21 21:18:11" hostname="rivaldo - GABRIEL" id="Test Suites/auth/Login">
      <properties>
         <property name="deviceName" value=""/>
         <property name="devicePlatform" value=""/>
         <property name="logFolder" value="C:\\Users\\rivaldo\\Katalon Studio\\WEB CAPSTONE\\Reports\\20221221_211759\\auth\\Login\\20221221_211759"/>
         <property name="logFiles" value="C:\\Users\\rivaldo\\Katalon Studio\\WEB CAPSTONE\\Reports\\20221221_211759\\auth\\Login\\20221221_211759\\execution0.log"/>
         <property name="attachments" value=""/>
         <property name="hostName" value="rivaldo - GABRIEL"/>
         <property name="os" value="Windows 10 64bit"/>
         <property name="katalonVersion" value="8.3.0.208"/>
         <property name="browser" value="Chrome 108.0.0.0"/>
         <property name="hostAddress" value="192.168.1.20"/>
         <property name="sessionId" value="9c8cec616af59be4691b5a07f612e5f9"/>
         <property name="seleniumVersion" value="3.141.59"/>
         <property name="proxyInformation" value="ProxyInformation { proxyOption=NO_PROXY, proxyServerType=HTTP, username=, password=********, proxyServerAddress=, proxyServerPort=0, executionList=&quot;&quot;, isApplyToDesiredCapabilities=true }"/>
         <property name="platform" value="Windows 10"/>
      </properties>
      <testcase name="Test Cases/AUTH/TC_InvalidEmailInvalidPassword" time="9.939" classname="Test Cases/AUTH/TC_InvalidEmailInvalidPassword" status="PASSED">
         <system-out><![CDATA[2022-12-21 21:18:11 - [TEST_CASE][PASSED] - Test Cases/AUTH/TC_InvalidEmailInvalidPassword: Test Cases/AUTH/TC_InvalidEmailInvalidPassword

2022-12-21 21:18:12 - [TEST_STEP][PASSED] - openBrowser(""): Browser is opened with url: ''

2022-12-21 21:18:12 - [MESSAGE][INFO] - Starting 'Chrome' driver

2022-12-21 21:18:12 - [MESSAGE][INFO] - Action delay is set to 0 milliseconds

2022-12-21 21:18:15 - [MESSAGE][PASSED] - Browser is opened with url: ''

2022-12-21 21:18:15 - [TEST_STEP][PASSED] - navigateToUrl("https://fe-react-o3tcnp4lu-capstone-6.vercel.app/"): Navigate to 'https://fe-react-o3tcnp4lu-capstone-6.vercel.app/' successfully

2022-12-21 21:18:16 - [MESSAGE][PASSED] - Navigate to 'https://fe-react-o3tcnp4lu-capstone-6.vercel.app/' successfully

2022-12-21 21:18:16 - [TEST_STEP][PASSED] - click(findTestObject("Object Repository/Page_WorkFit/a_Login")): Object: 'Object Repository/Page_WorkFit/a_Login' is clicked on

2022-12-21 21:18:17 - [MESSAGE][PASSED] - Object: 'Object Repository/Page_WorkFit/a_Login' is clicked on

2022-12-21 21:18:17 - [TEST_STEP][PASSED] - setText(findTestObject("Object Repository/Page_Login Page - WorkFit/input_Email_email"), "lala@gmail.com"): Text 'lala@gmail.com' is set on object 'Object Repository/Page_Login Page - WorkFit/input_Email_email'

2022-12-21 21:18:18 - [MESSAGE][PASSED] - Text 'lala@gmail.com' is set on object 'Object Repository/Page_Login Page - WorkFit/input_Email_email'

2022-12-21 21:18:18 - [TEST_STEP][PASSED] - setEncryptedText(findTestObject("Object Repository/Page_Login Page - WorkFit/input_Password_password"), "CSt51UwWECc="): Text ****** has been set on object 'Object Repository/Page_Login Page - WorkFit/input_Password_password'

2022-12-21 21:18:18 - [MESSAGE][PASSED] - Text ****** has been set on object 'Object Repository/Page_Login Page - WorkFit/input_Password_password'

2022-12-21 21:18:18 - [TEST_STEP][PASSED] - click(findTestObject("Object Repository/Page_Login Page - WorkFit/button_Sign In")): Object: 'Object Repository/Page_Login Page - WorkFit/button_Sign In' is clicked on

2022-12-21 21:18:19 - [MESSAGE][PASSED] - Object: 'Object Repository/Page_Login Page - WorkFit/button_Sign In' is clicked on

2022-12-21 21:18:19 - [TEST_STEP][PASSED] - verifyElementText(findTestObject("Object Repository/Page_Login Page - WorkFit/h2_Sorry"), "Sorry"): Actual text and expected text of test object 'Object Repository/Page_Login Page - WorkFit/h2_Sorry' are matched.

2022-12-21 21:18:21 - [MESSAGE][PASSED] - Actual text and expected text of test object 'Object Repository/Page_Login Page - WorkFit/h2_Sorry' are matched.

2022-12-21 21:18:21 - [TEST_STEP][PASSED] - closeBrowser(): Browser is closed

2022-12-21 21:18:21 - [MESSAGE][PASSED] - Browser is closed]]></system-out>
         <system-err><![CDATA[]]></system-err>
      </testcase>
      <testcase name="Test Cases/AUTH/TC_InvalidEmailNullPassword" time="6.82" classname="Test Cases/AUTH/TC_InvalidEmailNullPassword" status="PASSED">
         <system-out><![CDATA[2022-12-21 21:18:21 - [TEST_CASE][PASSED] - Test Cases/AUTH/TC_InvalidEmailNullPassword: Test Cases/AUTH/TC_InvalidEmailNullPassword

2022-12-21 21:18:22 - [TEST_STEP][PASSED] - openBrowser(""): Browser is opened with url: ''

2022-12-21 21:18:22 - [MESSAGE][INFO] - Starting 'Chrome' driver

2022-12-21 21:18:22 - [MESSAGE][INFO] - Action delay is set to 0 milliseconds

2022-12-21 21:18:23 - [MESSAGE][PASSED] - Browser is opened with url: ''

2022-12-21 21:18:23 - [TEST_STEP][PASSED] - maximizeWindow(): Current window maximized

2022-12-21 21:18:23 - [MESSAGE][PASSED] - Current window maximized

2022-12-21 21:18:23 - [TEST_STEP][PASSED] - navigateToUrl("https://fe-react-o3tcnp4lu-capstone-6.vercel.app/"): Navigate to 'https://fe-react-o3tcnp4lu-capstone-6.vercel.app/' successfully

2022-12-21 21:18:25 - [MESSAGE][PASSED] - Navigate to 'https://fe-react-o3tcnp4lu-capstone-6.vercel.app/' successfully

2022-12-21 21:18:25 - [TEST_STEP][PASSED] - click(findTestObject("Object Repository/Page_WorkFit/a_Login")): Object: 'Object Repository/Page_WorkFit/a_Login' is clicked on

2022-12-21 21:18:25 - [MESSAGE][PASSED] - Object: 'Object Repository/Page_WorkFit/a_Login' is clicked on

2022-12-21 21:18:25 - [TEST_STEP][PASSED] - setText(findTestObject("Object Repository/Page_Login Page - WorkFit/input_Email_email"), "qe1@gmail.com"): Text 'qe1@gmail.com' is set on object 'Object Repository/Page_Login Page - WorkFit/input_Email_email'

2022-12-21 21:18:26 - [MESSAGE][PASSED] - Text 'qe1@gmail.com' is set on object 'Object Repository/Page_Login Page - WorkFit/input_Email_email'

2022-12-21 21:18:26 - [TEST_STEP][PASSED] - click(findTestObject("Object Repository/Page_Login Page - WorkFit/button_Sign In")): Object: 'Object Repository/Page_Login Page - WorkFit/button_Sign In' is clicked on

2022-12-21 21:18:27 - [MESSAGE][PASSED] - Object: 'Object Repository/Page_Login Page - WorkFit/button_Sign In' is clicked on

2022-12-21 21:18:27 - [TEST_STEP][PASSED] - click(findTestObject("Object Repository/Page_Login Page - WorkFit/label_Password")): Object: 'Object Repository/Page_Login Page - WorkFit/label_Password' is clicked on

2022-12-21 21:18:27 - [MESSAGE][PASSED] - Object: 'Object Repository/Page_Login Page - WorkFit/label_Password' is clicked on

2022-12-21 21:18:27 - [TEST_STEP][PASSED] - click(findTestObject("Object Repository/Page_Login Page - WorkFit/button_Sign In")): Object: 'Object Repository/Page_Login Page - WorkFit/button_Sign In' is clicked on

2022-12-21 21:18:28 - [MESSAGE][PASSED] - Object: 'Object Repository/Page_Login Page - WorkFit/button_Sign In' is clicked on

2022-12-21 21:18:28 - [TEST_STEP][PASSED] - closeBrowser(): Browser is closed

2022-12-21 21:18:28 - [MESSAGE][PASSED] - Browser is closed]]></system-out>
         <system-err><![CDATA[]]></system-err>
      </testcase>
      <testcase name="Test Cases/AUTH/TC_InvalidemailValidpassword" time="8.856" classname="Test Cases/AUTH/TC_InvalidemailValidpassword" status="PASSED">
         <system-out><![CDATA[2022-12-21 21:18:28 - [TEST_CASE][PASSED] - Test Cases/AUTH/TC_InvalidemailValidpassword: Test Cases/AUTH/TC_InvalidemailValidpassword

2022-12-21 21:18:29 - [TEST_STEP][PASSED] - openBrowser(""): Browser is opened with url: ''

2022-12-21 21:18:29 - [MESSAGE][INFO] - Starting 'Chrome' driver

2022-12-21 21:18:29 - [MESSAGE][INFO] - Action delay is set to 0 milliseconds

2022-12-21 21:18:30 - [MESSAGE][PASSED] - Browser is opened with url: ''

2022-12-21 21:18:30 - [TEST_STEP][PASSED] - maximizeWindow(): Current window maximized

2022-12-21 21:18:30 - [MESSAGE][PASSED] - Current window maximized

2022-12-21 21:18:30 - [TEST_STEP][PASSED] - navigateToUrl("https://fe-react-o3tcnp4lu-capstone-6.vercel.app/"): Navigate to 'https://fe-react-o3tcnp4lu-capstone-6.vercel.app/' successfully

2022-12-21 21:18:32 - [MESSAGE][PASSED] - Navigate to 'https://fe-react-o3tcnp4lu-capstone-6.vercel.app/' successfully

2022-12-21 21:18:32 - [TEST_STEP][PASSED] - click(findTestObject("Object Repository/Page_WorkFit/a_Login")): Object: 'Object Repository/Page_WorkFit/a_Login' is clicked on

2022-12-21 21:18:32 - [MESSAGE][PASSED] - Object: 'Object Repository/Page_WorkFit/a_Login' is clicked on

2022-12-21 21:18:32 - [TEST_STEP][PASSED] - setText(findTestObject("Object Repository/Page_Login Page - WorkFit/input_Email_email"), "lalal@gmail.com"): Text 'lalal@gmail.com' is set on object 'Object Repository/Page_Login Page - WorkFit/input_Email_email'

2022-12-21 21:18:33 - [MESSAGE][PASSED] - Text 'lalal@gmail.com' is set on object 'Object Repository/Page_Login Page - WorkFit/input_Email_email'

2022-12-21 21:18:33 - [TEST_STEP][PASSED] - setEncryptedText(findTestObject("Object Repository/Page_Login Page - WorkFit/input_Password_password"), "PzcU1FTwvrz2Y2eY7/dWBg=="): Text ****** has been set on object 'Object Repository/Page_Login Page - WorkFit/input_Password_password'

2022-12-21 21:18:34 - [MESSAGE][PASSED] - Text ****** has been set on object 'Object Repository/Page_Login Page - WorkFit/input_Password_password'

2022-12-21 21:18:34 - [TEST_STEP][PASSED] - click(findTestObject("Object Repository/Page_Login Page - WorkFit/button_Sign In")): Object: 'Object Repository/Page_Login Page - WorkFit/button_Sign In' is clicked on

2022-12-21 21:18:34 - [MESSAGE][PASSED] - Object: 'Object Repository/Page_Login Page - WorkFit/button_Sign In' is clicked on

2022-12-21 21:18:34 - [TEST_STEP][PASSED] - verifyElementText(findTestObject("Object Repository/Page_Login Page - WorkFit/h2_Sorry"), "Sorry"): Actual text and expected text of test object 'Object Repository/Page_Login Page - WorkFit/h2_Sorry' are matched.

2022-12-21 21:18:36 - [MESSAGE][PASSED] - Actual text and expected text of test object 'Object Repository/Page_Login Page - WorkFit/h2_Sorry' are matched.

2022-12-21 21:18:36 - [TEST_STEP][PASSED] - closeBrowser(): Browser is closed

2022-12-21 21:18:37 - [MESSAGE][PASSED] - Browser is closed]]></system-out>
         <system-err><![CDATA[]]></system-err>
      </testcase>
      <testcase name="Test Cases/AUTH/TE_ValidemailNullPassword" time="6.216" classname="Test Cases/AUTH/TE_ValidemailNullPassword" status="PASSED">
         <system-out><![CDATA[2022-12-21 21:18:37 - [TEST_CASE][PASSED] - Test Cases/AUTH/TE_ValidemailNullPassword: Test Cases/AUTH/TE_ValidemailNullPassword

2022-12-21 21:18:37 - [TEST_STEP][PASSED] - openBrowser(""): Browser is opened with url: ''

2022-12-21 21:18:37 - [MESSAGE][INFO] - Starting 'Chrome' driver

2022-12-21 21:18:37 - [MESSAGE][INFO] - Action delay is set to 0 milliseconds

2022-12-21 21:18:39 - [MESSAGE][PASSED] - Browser is opened with url: ''

2022-12-21 21:18:39 - [TEST_STEP][PASSED] - maximizeWindow(): Current window maximized

2022-12-21 21:18:39 - [MESSAGE][PASSED] - Current window maximized

2022-12-21 21:18:39 - [TEST_STEP][PASSED] - navigateToUrl("https://fe-react-o3tcnp4lu-capstone-6.vercel.app/"): Navigate to 'https://fe-react-o3tcnp4lu-capstone-6.vercel.app/' successfully

2022-12-21 21:18:40 - [MESSAGE][PASSED] - Navigate to 'https://fe-react-o3tcnp4lu-capstone-6.vercel.app/' successfully

2022-12-21 21:18:40 - [TEST_STEP][PASSED] - click(findTestObject("Object Repository/Page_WorkFit/a_Login")): Object: 'Object Repository/Page_WorkFit/a_Login' is clicked on

2022-12-21 21:18:41 - [MESSAGE][PASSED] - Object: 'Object Repository/Page_WorkFit/a_Login' is clicked on

2022-12-21 21:18:41 - [TEST_STEP][PASSED] - setText(findTestObject("Object Repository/Page_Login Page - WorkFit/input_Email_email"), "qe1@gmail.com"): Text 'qe1@gmail.com' is set on object 'Object Repository/Page_Login Page - WorkFit/input_Email_email'

2022-12-21 21:18:42 - [MESSAGE][PASSED] - Text 'qe1@gmail.com' is set on object 'Object Repository/Page_Login Page - WorkFit/input_Email_email'

2022-12-21 21:18:42 - [TEST_STEP][PASSED] - click(findTestObject("Object Repository/Page_Login Page - WorkFit/button_Sign In")): Object: 'Object Repository/Page_Login Page - WorkFit/button_Sign In' is clicked on

2022-12-21 21:18:42 - [MESSAGE][PASSED] - Object: 'Object Repository/Page_Login Page - WorkFit/button_Sign In' is clicked on

2022-12-21 21:18:42 - [TEST_STEP][PASSED] - click(findTestObject("Object Repository/Page_Login Page - WorkFit/button_Sign In")): Object: 'Object Repository/Page_Login Page - WorkFit/button_Sign In' is clicked on

2022-12-21 21:18:43 - [MESSAGE][PASSED] - Object: 'Object Repository/Page_Login Page - WorkFit/button_Sign In' is clicked on

2022-12-21 21:18:43 - [TEST_STEP][PASSED] - closeBrowser(): Browser is closed

2022-12-21 21:18:43 - [MESSAGE][PASSED] - Browser is closed]]></system-out>
         <system-err><![CDATA[]]></system-err>
      </testcase>
      <testcase name="Test Cases/AUTH/TC_NulEmailInvalidPassword" time="6.51" classname="Test Cases/AUTH/TC_NulEmailInvalidPassword" status="PASSED">
         <system-out><![CDATA[2022-12-21 21:18:43 - [TEST_CASE][PASSED] - Test Cases/AUTH/TC_NulEmailInvalidPassword: Test Cases/AUTH/TC_NulEmailInvalidPassword

2022-12-21 21:18:44 - [TEST_STEP][PASSED] - openBrowser(""): Browser is opened with url: ''

2022-12-21 21:18:44 - [MESSAGE][INFO] - Starting 'Chrome' driver

2022-12-21 21:18:44 - [MESSAGE][INFO] - Action delay is set to 0 milliseconds

2022-12-21 21:18:45 - [MESSAGE][PASSED] - Browser is opened with url: ''

2022-12-21 21:18:45 - [TEST_STEP][PASSED] - maximizeWindow(): Current window maximized

2022-12-21 21:18:45 - [MESSAGE][PASSED] - Current window maximized

2022-12-21 21:18:45 - [TEST_STEP][PASSED] - navigateToUrl("https://fe-react-o3tcnp4lu-capstone-6.vercel.app/"): Navigate to 'https://fe-react-o3tcnp4lu-capstone-6.vercel.app/' successfully

2022-12-21 21:18:47 - [MESSAGE][PASSED] - Navigate to 'https://fe-react-o3tcnp4lu-capstone-6.vercel.app/' successfully

2022-12-21 21:18:47 - [TEST_STEP][PASSED] - click(findTestObject("Object Repository/Page_WorkFit/a_Login")): Object: 'Object Repository/Page_WorkFit/a_Login' is clicked on

2022-12-21 21:18:47 - [MESSAGE][PASSED] - Object: 'Object Repository/Page_WorkFit/a_Login' is clicked on

2022-12-21 21:18:47 - [TEST_STEP][PASSED] - click(findTestObject("Object Repository/Page_Login Page - WorkFit/input_Email_email")): Object: 'Object Repository/Page_Login Page - WorkFit/input_Email_email' is clicked on

2022-12-21 21:18:48 - [MESSAGE][PASSED] - Object: 'Object Repository/Page_Login Page - WorkFit/input_Email_email' is clicked on

2022-12-21 21:18:48 - [TEST_STEP][PASSED] - setEncryptedText(findTestObject("Object Repository/Page_Login Page - WorkFit/input_Password_password"), "PzcU1FTwvrz2Y2eY7/dWBg=="): Text ****** has been set on object 'Object Repository/Page_Login Page - WorkFit/input_Password_password'

2022-12-21 21:18:48 - [MESSAGE][PASSED] - Text ****** has been set on object 'Object Repository/Page_Login Page - WorkFit/input_Password_password'

2022-12-21 21:18:48 - [TEST_STEP][PASSED] - click(findTestObject("Object Repository/Page_Login Page - WorkFit/button_Sign In")): Object: 'Object Repository/Page_Login Page - WorkFit/button_Sign In' is clicked on

2022-12-21 21:18:49 - [MESSAGE][PASSED] - Object: 'Object Repository/Page_Login Page - WorkFit/button_Sign In' is clicked on

2022-12-21 21:18:49 - [TEST_STEP][PASSED] - click(findTestObject("Object Repository/Page_Login Page - WorkFit/label_Password")): Object: 'Object Repository/Page_Login Page - WorkFit/label_Password' is clicked on

2022-12-21 21:18:49 - [MESSAGE][PASSED] - Object: 'Object Repository/Page_Login Page - WorkFit/label_Password' is clicked on

2022-12-21 21:18:49 - [TEST_STEP][PASSED] - closeBrowser(): Browser is closed

2022-12-21 21:18:50 - [MESSAGE][PASSED] - Browser is closed]]></system-out>
         <system-err><![CDATA[]]></system-err>
      </testcase>
      <testcase name="Test Cases/AUTH/TC_NullemailValidPassword" time="7.256" classname="Test Cases/AUTH/TC_NullemailValidPassword" status="PASSED">
         <system-out><![CDATA[2022-12-21 21:18:50 - [TEST_CASE][PASSED] - Test Cases/AUTH/TC_NullemailValidPassword: Test Cases/AUTH/TC_NullemailValidPassword

2022-12-21 21:18:50 - [TEST_STEP][PASSED] - openBrowser(""): Browser is opened with url: ''

2022-12-21 21:18:50 - [MESSAGE][INFO] - Starting 'Chrome' driver

2022-12-21 21:18:50 - [MESSAGE][INFO] - Action delay is set to 0 milliseconds

2022-12-21 21:18:52 - [MESSAGE][PASSED] - Browser is opened with url: ''

2022-12-21 21:18:52 - [TEST_STEP][PASSED] - maximizeWindow(): Current window maximized

2022-12-21 21:18:52 - [MESSAGE][PASSED] - Current window maximized

2022-12-21 21:18:52 - [TEST_STEP][PASSED] - navigateToUrl("https://fe-react-o3tcnp4lu-capstone-6.vercel.app/"): Navigate to 'https://fe-react-o3tcnp4lu-capstone-6.vercel.app/' successfully

2022-12-21 21:18:54 - [MESSAGE][PASSED] - Navigate to 'https://fe-react-o3tcnp4lu-capstone-6.vercel.app/' successfully

2022-12-21 21:18:54 - [TEST_STEP][PASSED] - click(findTestObject("Object Repository/Page_WorkFit/a_Login")): Object: 'Object Repository/Page_WorkFit/a_Login' is clicked on

2022-12-21 21:18:55 - [MESSAGE][PASSED] - Object: 'Object Repository/Page_WorkFit/a_Login' is clicked on

2022-12-21 21:18:55 - [TEST_STEP][PASSED] - click(findTestObject("Object Repository/Page_Login Page - WorkFit/input_Email_email")): Object: 'Object Repository/Page_Login Page - WorkFit/input_Email_email' is clicked on

2022-12-21 21:18:55 - [MESSAGE][PASSED] - Object: 'Object Repository/Page_Login Page - WorkFit/input_Email_email' is clicked on

2022-12-21 21:18:55 - [TEST_STEP][PASSED] - setEncryptedText(findTestObject("Object Repository/Page_Login Page - WorkFit/input_Password_password"), "Z+3oZvuwbXj0KFUP8bHFSg=="): Text ****** has been set on object 'Object Repository/Page_Login Page - WorkFit/input_Password_password'

2022-12-21 21:18:56 - [MESSAGE][PASSED] - Text ****** has been set on object 'Object Repository/Page_Login Page - WorkFit/input_Password_password'

2022-12-21 21:18:56 - [TEST_STEP][PASSED] - click(findTestObject("Object Repository/Page_Login Page - WorkFit/button_Sign In")): Object: 'Object Repository/Page_Login Page - WorkFit/button_Sign In' is clicked on

2022-12-21 21:18:56 - [MESSAGE][PASSED] - Object: 'Object Repository/Page_Login Page - WorkFit/button_Sign In' is clicked on

2022-12-21 21:18:56 - [TEST_STEP][PASSED] - click(findTestObject("Object Repository/Page_Login Page - WorkFit/label_Password")): Object: 'Object Repository/Page_Login Page - WorkFit/label_Password' is clicked on

2022-12-21 21:18:56 - [MESSAGE][PASSED] - Object: 'Object Repository/Page_Login Page - WorkFit/label_Password' is clicked on

2022-12-21 21:18:56 - [TEST_STEP][PASSED] - closeBrowser(): Browser is closed

2022-12-21 21:18:57 - [MESSAGE][PASSED] - Browser is closed]]></system-out>
         <system-err><![CDATA[]]></system-err>
      </testcase>
      <testcase name="Test Cases/AUTH/TC_ValidEmailInvalidPassword" time="14.382" classname="Test Cases/AUTH/TC_ValidEmailInvalidPassword" status="PASSED">
         <system-out><![CDATA[2022-12-21 21:18:57 - [TEST_CASE][PASSED] - Test Cases/AUTH/TC_ValidEmailInvalidPassword: Test Cases/AUTH/TC_ValidEmailInvalidPassword

2022-12-21 21:18:57 - [TEST_STEP][PASSED] - openBrowser(""): Browser is opened with url: ''

2022-12-21 21:18:57 - [MESSAGE][INFO] - Starting 'Chrome' driver

2022-12-21 21:18:57 - [MESSAGE][INFO] - Action delay is set to 0 milliseconds

2022-12-21 21:18:59 - [MESSAGE][PASSED] - Browser is opened with url: ''

2022-12-21 21:18:59 - [TEST_STEP][PASSED] - maximizeWindow(): Current window maximized

2022-12-21 21:18:59 - [MESSAGE][PASSED] - Current window maximized

2022-12-21 21:18:59 - [TEST_STEP][PASSED] - navigateToUrl("https://fe-react-o3tcnp4lu-capstone-6.vercel.app/"): Navigate to 'https://fe-react-o3tcnp4lu-capstone-6.vercel.app/' successfully

2022-12-21 21:19:06 - [MESSAGE][PASSED] - Navigate to 'https://fe-react-o3tcnp4lu-capstone-6.vercel.app/' successfully

2022-12-21 21:19:06 - [TEST_STEP][PASSED] - click(findTestObject("Object Repository/Page_WorkFit/a_Login")): Object: 'Object Repository/Page_WorkFit/a_Login' is clicked on

2022-12-21 21:19:06 - [MESSAGE][PASSED] - Object: 'Object Repository/Page_WorkFit/a_Login' is clicked on

2022-12-21 21:19:06 - [TEST_STEP][PASSED] - setText(findTestObject("Object Repository/Page_Login Page - WorkFit/input_Email_email"), "qe1@gmail.com"): Text 'qe1@gmail.com' is set on object 'Object Repository/Page_Login Page - WorkFit/input_Email_email'

2022-12-21 21:19:07 - [MESSAGE][PASSED] - Text 'qe1@gmail.com' is set on object 'Object Repository/Page_Login Page - WorkFit/input_Email_email'

2022-12-21 21:19:07 - [TEST_STEP][PASSED] - setEncryptedText(findTestObject("Object Repository/Page_Login Page - WorkFit/input_Password_password"), "QZ06GTLhlug="): Text ****** has been set on object 'Object Repository/Page_Login Page - WorkFit/input_Password_password'

2022-12-21 21:19:08 - [MESSAGE][PASSED] - Text ****** has been set on object 'Object Repository/Page_Login Page - WorkFit/input_Password_password'

2022-12-21 21:19:08 - [TEST_STEP][PASSED] - click(findTestObject("Object Repository/Page_Login Page - WorkFit/button_Sign In")): Object: 'Object Repository/Page_Login Page - WorkFit/button_Sign In' is clicked on

2022-12-21 21:19:08 - [MESSAGE][PASSED] - Object: 'Object Repository/Page_Login Page - WorkFit/button_Sign In' is clicked on

2022-12-21 21:19:08 - [TEST_STEP][PASSED] - verifyElementText(findTestObject("Object Repository/Page_Login Page - WorkFit/h2_Sorry"), "Sorry"): Actual text and expected text of test object 'Object Repository/Page_Login Page - WorkFit/h2_Sorry' are matched.

2022-12-21 21:19:11 - [MESSAGE][PASSED] - Actual text and expected text of test object 'Object Repository/Page_Login Page - WorkFit/h2_Sorry' are matched.

2022-12-21 21:19:11 - [TEST_STEP][PASSED] - closeBrowser(): Browser is closed

2022-12-21 21:19:11 - [MESSAGE][PASSED] - Browser is closed]]></system-out>
         <system-err><![CDATA[]]></system-err>
      </testcase>
      <testcase name="Test Cases/AUTH/TC_withnullemailpassword" time="7.436" classname="Test Cases/AUTH/TC_withnullemailpassword" status="PASSED">
         <system-out><![CDATA[2022-12-21 21:19:11 - [TEST_CASE][PASSED] - Test Cases/AUTH/TC_withnullemailpassword: Test Cases/AUTH/TC_withnullemailpassword

2022-12-21 21:19:12 - [TEST_STEP][PASSED] - openBrowser(""): Browser is opened with url: ''

2022-12-21 21:19:12 - [MESSAGE][INFO] - Starting 'Chrome' driver

2022-12-21 21:19:12 - [MESSAGE][INFO] - Action delay is set to 0 milliseconds

2022-12-21 21:19:13 - [MESSAGE][PASSED] - Browser is opened with url: ''

2022-12-21 21:19:13 - [TEST_STEP][PASSED] - maximizeWindow(): Current window maximized

2022-12-21 21:19:13 - [MESSAGE][PASSED] - Current window maximized

2022-12-21 21:19:13 - [TEST_STEP][PASSED] - navigateToUrl("https://fe-react-o3tcnp4lu-capstone-6.vercel.app/"): Navigate to 'https://fe-react-o3tcnp4lu-capstone-6.vercel.app/' successfully

2022-12-21 21:19:16 - [MESSAGE][PASSED] - Navigate to 'https://fe-react-o3tcnp4lu-capstone-6.vercel.app/' successfully

2022-12-21 21:19:16 - [TEST_STEP][PASSED] - click(findTestObject("Object Repository/Page_WorkFit/a_Login")): Object: 'Object Repository/Page_WorkFit/a_Login' is clicked on

2022-12-21 21:19:17 - [MESSAGE][PASSED] - Object: 'Object Repository/Page_WorkFit/a_Login' is clicked on

2022-12-21 21:19:17 - [TEST_STEP][PASSED] - click(findTestObject("Object Repository/Page_Login Page - WorkFit/input_Email_email")): Object: 'Object Repository/Page_Login Page - WorkFit/input_Email_email' is clicked on

2022-12-21 21:19:17 - [MESSAGE][PASSED] - Object: 'Object Repository/Page_Login Page - WorkFit/input_Email_email' is clicked on

2022-12-21 21:19:17 - [TEST_STEP][PASSED] - click(findTestObject("Object Repository/Page_Login Page - WorkFit/button_Sign In")): Object: 'Object Repository/Page_Login Page - WorkFit/button_Sign In' is clicked on

2022-12-21 21:19:18 - [MESSAGE][PASSED] - Object: 'Object Repository/Page_Login Page - WorkFit/button_Sign In' is clicked on

2022-12-21 21:19:18 - [TEST_STEP][PASSED] - click(findTestObject("Object Repository/Page_Login Page - WorkFit/label_Password")): Object: 'Object Repository/Page_Login Page - WorkFit/label_Password' is clicked on

2022-12-21 21:19:18 - [MESSAGE][PASSED] - Object: 'Object Repository/Page_Login Page - WorkFit/label_Password' is clicked on

2022-12-21 21:19:18 - [TEST_STEP][PASSED] - closeBrowser(): Browser is closed

2022-12-21 21:19:19 - [MESSAGE][PASSED] - Browser is closed]]></system-out>
         <system-err><![CDATA[]]></system-err>
      </testcase>
      <testcase name="Test Cases/AUTH/TC_Login" time="11.397" classname="Test Cases/AUTH/TC_Login" status="PASSED">
         <system-out><![CDATA[2022-12-21 21:19:19 - [TEST_CASE][PASSED] - Test Cases/AUTH/TC_Login: Test Cases/AUTH/TC_Login

2022-12-21 21:19:19 - [TEST_STEP][PASSED] - openBrowser(""): Browser is opened with url: ''

2022-12-21 21:19:19 - [MESSAGE][INFO] - Starting 'Chrome' driver

2022-12-21 21:19:19 - [MESSAGE][INFO] - Action delay is set to 0 milliseconds

2022-12-21 21:19:21 - [MESSAGE][PASSED] - Browser is opened with url: ''

2022-12-21 21:19:21 - [TEST_STEP][PASSED] - navigateToUrl("https://fe-react-o3tcnp4lu-capstone-6.vercel.app/"): Navigate to 'https://fe-react-o3tcnp4lu-capstone-6.vercel.app/' successfully

2022-12-21 21:19:26 - [MESSAGE][PASSED] - Navigate to 'https://fe-react-o3tcnp4lu-capstone-6.vercel.app/' successfully

2022-12-21 21:19:26 - [TEST_STEP][PASSED] - maximizeWindow(): Current window maximized

2022-12-21 21:19:26 - [MESSAGE][PASSED] - Current window maximized

2022-12-21 21:19:26 - [TEST_STEP][PASSED] - click(findTestObject("Object Repository/Page_WorkFit/a_Login")): Object: 'Object Repository/Page_WorkFit/a_Login' is clicked on

2022-12-21 21:19:26 - [MESSAGE][PASSED] - Object: 'Object Repository/Page_WorkFit/a_Login' is clicked on

2022-12-21 21:19:26 - [TEST_STEP][PASSED] - setText(findTestObject("Object Repository/Page_Login Page - WorkFit/input_Email_email"), "qe1@gmail.com"): Text 'qe1@gmail.com' is set on object 'Object Repository/Page_Login Page - WorkFit/input_Email_email'

2022-12-21 21:19:27 - [MESSAGE][PASSED] - Text 'qe1@gmail.com' is set on object 'Object Repository/Page_Login Page - WorkFit/input_Email_email'

2022-12-21 21:19:27 - [TEST_STEP][PASSED] - setEncryptedText(findTestObject("Object Repository/Page_Login Page - WorkFit/input_Password_password"), "PzcU1FTwvrz2Y2eY7/dWBg=="): Text ****** has been set on object 'Object Repository/Page_Login Page - WorkFit/input_Password_password'

2022-12-21 21:19:28 - [MESSAGE][PASSED] - Text ****** has been set on object 'Object Repository/Page_Login Page - WorkFit/input_Password_password'

2022-12-21 21:19:28 - [TEST_STEP][PASSED] - click(findTestObject("Object Repository/Page_Login Page - WorkFit/button_Sign In")): Object: 'Object Repository/Page_Login Page - WorkFit/button_Sign In' is clicked on

2022-12-21 21:19:28 - [MESSAGE][PASSED] - Object: 'Object Repository/Page_Login Page - WorkFit/button_Sign In' is clicked on

2022-12-21 21:19:28 - [TEST_STEP][PASSED] - verifyElementText(findTestObject("Object Repository/Page_Dashboard - WorkFit/h2_Success"), "Success"): Actual text and expected text of test object 'Object Repository/Page_Dashboard - WorkFit/h2_Success' are matched.

2022-12-21 21:19:30 - [MESSAGE][PASSED] - Actual text and expected text of test object 'Object Repository/Page_Dashboard - WorkFit/h2_Success' are matched.

2022-12-21 21:19:30 - [TEST_STEP][PASSED] - closeBrowser(): Browser is closed

2022-12-21 21:19:30 - [MESSAGE][PASSED] - Browser is closed]]></system-out>
         <system-err><![CDATA[]]></system-err>
      </testcase>
      <system-out><![CDATA[2022-12-21 21:18:11 - [TEST_SUITE][PASSED] - Login: Test Cases/AUTH/TC_Login]]></system-out>
      <system-err><![CDATA[]]></system-err>
   </testsuite>
</testsuites>
