<?xml version="1.0" encoding="UTF-8"?>
<testsuites name="Article" time="57.684" tests="5" failures="0" errors="0">
   <testsuite name="Article" tests="5" failures="0" errors="0" time="57.684" skipped="0" timestamp="2022-12-21 22:18:31" hostname="rivaldo - GABRIEL" id="Test Suites/Content/Article">
      <properties>
         <property name="deviceName" value=""/>
         <property name="devicePlatform" value=""/>
         <property name="logFolder" value="C:\\Users\\rivaldo\\Katalon Studio\\WEB CAPSTONE\\Reports\\20221221_221819\\Content\\Article\\20221221_221820"/>
         <property name="logFiles" value="C:\\Users\\rivaldo\\Katalon Studio\\WEB CAPSTONE\\Reports\\20221221_221819\\Content\\Article\\20221221_221820\\execution0.log"/>
         <property name="attachments" value=""/>
         <property name="hostName" value="rivaldo - GABRIEL"/>
         <property name="os" value="Windows 10 64bit"/>
         <property name="katalonVersion" value="8.3.0.208"/>
         <property name="browser" value="Chrome 108.0.0.0"/>
         <property name="hostAddress" value="192.168.1.20"/>
         <property name="sessionId" value="b1b858a19d2f8cf01f8bfd318243c49c"/>
         <property name="seleniumVersion" value="3.141.59"/>
         <property name="proxyInformation" value="ProxyInformation { proxyOption=NO_PROXY, proxyServerType=HTTP, username=, password=********, proxyServerAddress=, proxyServerPort=0, executionList=&quot;&quot;, isApplyToDesiredCapabilities=true }"/>
         <property name="platform" value="Windows 10"/>
      </properties>
      <testcase name="Test Cases/Content/Articlee/Search" time="13.123" classname="Test Cases/Content/Articlee/Search" status="PASSED">
         <system-out><![CDATA[2022-12-21 22:18:32 - [TEST_CASE][PASSED] - Test Cases/Content/Articlee/Search: Test Cases/Content/Articlee/Search

2022-12-21 22:18:32 - [TEST_STEP][PASSED] - openBrowser(""): Browser is opened with url: ''

2022-12-21 22:18:33 - [MESSAGE][INFO] - Starting 'Chrome' driver

2022-12-21 22:18:33 - [MESSAGE][INFO] - Action delay is set to 0 milliseconds

2022-12-21 22:18:35 - [MESSAGE][PASSED] - Browser is opened with url: ''

2022-12-21 22:18:35 - [TEST_STEP][PASSED] - navigateToUrl("https://fe-react-o3tcnp4lu-capstone-6.vercel.app/"): Navigate to 'https://fe-react-o3tcnp4lu-capstone-6.vercel.app/' successfully

2022-12-21 22:18:36 - [MESSAGE][PASSED] - Navigate to 'https://fe-react-o3tcnp4lu-capstone-6.vercel.app/' successfully

2022-12-21 22:18:36 - [TEST_STEP][PASSED] - maximizeWindow(): Current window maximized

2022-12-21 22:18:36 - [MESSAGE][PASSED] - Current window maximized

2022-12-21 22:18:36 - [TEST_STEP][PASSED] - click(findTestObject("Object Repository/Page_WorkFit/a_Login")): Object: 'Object Repository/Page_WorkFit/a_Login' is clicked on

2022-12-21 22:18:37 - [MESSAGE][PASSED] - Object: 'Object Repository/Page_WorkFit/a_Login' is clicked on

2022-12-21 22:18:37 - [TEST_STEP][PASSED] - setText(findTestObject("Object Repository/Page_Login Page - WorkFit/input_Email_email"), "qe1@gmail.com"): Text 'qe1@gmail.com' is set on object 'Object Repository/Page_Login Page - WorkFit/input_Email_email'

2022-12-21 22:18:38 - [MESSAGE][PASSED] - Text 'qe1@gmail.com' is set on object 'Object Repository/Page_Login Page - WorkFit/input_Email_email'

2022-12-21 22:18:38 - [TEST_STEP][PASSED] - setEncryptedText(findTestObject("Object Repository/Page_Login Page - WorkFit/input_Password_password"), "PzcU1FTwvrz2Y2eY7/dWBg=="): Text ****** has been set on object 'Object Repository/Page_Login Page - WorkFit/input_Password_password'

2022-12-21 22:18:39 - [MESSAGE][PASSED] - Text ****** has been set on object 'Object Repository/Page_Login Page - WorkFit/input_Password_password'

2022-12-21 22:18:39 - [TEST_STEP][PASSED] - click(findTestObject("Object Repository/Page_Login Page - WorkFit/button_Sign In")): Object: 'Object Repository/Page_Login Page - WorkFit/button_Sign In' is clicked on

2022-12-21 22:18:39 - [MESSAGE][PASSED] - Object: 'Object Repository/Page_Login Page - WorkFit/button_Sign In' is clicked on

2022-12-21 22:18:39 - [TEST_STEP][PASSED] - click(findTestObject("Object Repository/Page_Dashboard - WorkFit/div_Article")): Object: 'Object Repository/Page_Dashboard - WorkFit/div_Article' is clicked on

2022-12-21 22:18:43 - [MESSAGE][PASSED] - Object: 'Object Repository/Page_Dashboard - WorkFit/div_Article' is clicked on

2022-12-21 22:18:43 - [TEST_STEP][PASSED] - setText(findTestObject("Object Repository/Page_Manage Article - WorkFit/input_Manage Article_block w-full rounded-l_8014e5"), "test"): Text 'test' is set on object 'Object Repository/Page_Manage Article - WorkFit/input_Manage Article_block w-full rounded-l_8014e5'

2022-12-21 22:18:44 - [MESSAGE][PASSED] - Text 'test' is set on object 'Object Repository/Page_Manage Article - WorkFit/input_Manage Article_block w-full rounded-l_8014e5'

2022-12-21 22:18:44 - [TEST_STEP][PASSED] - click(findTestObject("Object Repository/Page_Manage Article - WorkFit/div_Manage ArticleAdd New")): Object: 'Object Repository/Page_Manage Article - WorkFit/div_Manage ArticleAdd New' is clicked on

2022-12-21 22:18:44 - [MESSAGE][PASSED] - Object: 'Object Repository/Page_Manage Article - WorkFit/div_Manage ArticleAdd New' is clicked on

2022-12-21 22:18:44 - [TEST_STEP][PASSED] - closeBrowser(): Browser is closed

2022-12-21 22:18:45 - [MESSAGE][PASSED] - Browser is closed]]></system-out>
         <system-err><![CDATA[]]></system-err>
      </testcase>
      <testcase name="Test Cases/Content/Articlee/seelist" time="9.411" classname="Test Cases/Content/Articlee/seelist" status="PASSED">
         <system-out><![CDATA[2022-12-21 22:18:45 - [TEST_CASE][PASSED] - Test Cases/Content/Articlee/seelist: Test Cases/Content/Articlee/seelist

2022-12-21 22:18:45 - [TEST_STEP][PASSED] - openBrowser(""): Browser is opened with url: ''

2022-12-21 22:18:45 - [MESSAGE][INFO] - Starting 'Chrome' driver

2022-12-21 22:18:45 - [MESSAGE][INFO] - Action delay is set to 0 milliseconds

2022-12-21 22:18:46 - [MESSAGE][PASSED] - Browser is opened with url: ''

2022-12-21 22:18:46 - [TEST_STEP][PASSED] - navigateToUrl("https://fe-react-o3tcnp4lu-capstone-6.vercel.app/"): Navigate to 'https://fe-react-o3tcnp4lu-capstone-6.vercel.app/' successfully

2022-12-21 22:18:47 - [MESSAGE][PASSED] - Navigate to 'https://fe-react-o3tcnp4lu-capstone-6.vercel.app/' successfully

2022-12-21 22:18:47 - [TEST_STEP][PASSED] - maximizeWindow(): Current window maximized

2022-12-21 22:18:47 - [MESSAGE][PASSED] - Current window maximized

2022-12-21 22:18:47 - [TEST_STEP][PASSED] - click(findTestObject("Object Repository/Page_WorkFit/a_Login")): Object: 'Object Repository/Page_WorkFit/a_Login' is clicked on

2022-12-21 22:18:48 - [MESSAGE][PASSED] - Object: 'Object Repository/Page_WorkFit/a_Login' is clicked on

2022-12-21 22:18:48 - [TEST_STEP][PASSED] - setText(findTestObject("Object Repository/Page_Login Page - WorkFit/input_Email_email"), "qe1@gmail.com"): Text 'qe1@gmail.com' is set on object 'Object Repository/Page_Login Page - WorkFit/input_Email_email'

2022-12-21 22:18:49 - [MESSAGE][PASSED] - Text 'qe1@gmail.com' is set on object 'Object Repository/Page_Login Page - WorkFit/input_Email_email'

2022-12-21 22:18:49 - [TEST_STEP][PASSED] - setEncryptedText(findTestObject("Object Repository/Page_Login Page - WorkFit/input_Password_password"), "PzcU1FTwvrz2Y2eY7/dWBg=="): Text ****** has been set on object 'Object Repository/Page_Login Page - WorkFit/input_Password_password'

2022-12-21 22:18:49 - [MESSAGE][PASSED] - Text ****** has been set on object 'Object Repository/Page_Login Page - WorkFit/input_Password_password'

2022-12-21 22:18:49 - [TEST_STEP][PASSED] - click(findTestObject("Object Repository/Page_Login Page - WorkFit/button_Sign In")): Object: 'Object Repository/Page_Login Page - WorkFit/button_Sign In' is clicked on

2022-12-21 22:18:50 - [MESSAGE][PASSED] - Object: 'Object Repository/Page_Login Page - WorkFit/button_Sign In' is clicked on

2022-12-21 22:18:50 - [TEST_STEP][PASSED] - click(findTestObject("Object Repository/Page_Dashboard - WorkFit/div_Article")): Object: 'Object Repository/Page_Dashboard - WorkFit/div_Article' is clicked on

2022-12-21 22:18:53 - [MESSAGE][PASSED] - Object: 'Object Repository/Page_Dashboard - WorkFit/div_Article' is clicked on

2022-12-21 22:18:53 - [TEST_STEP][PASSED] - verifyElementPresent(findTestObject("Object Repository/Page_Manage Article - WorkFit/div_Coba editCoba editCoba add edit"), 0): Object 'Object Repository/Page_Manage Article - WorkFit/div_Coba editCoba editCoba add edit' is present

2022-12-21 22:18:53 - [MESSAGE][WARNING] - Timeout '0' is invalid. Using default page load timeout: '30'

2022-12-21 22:18:53 - [MESSAGE][PASSED] - Object 'Object Repository/Page_Manage Article - WorkFit/div_Coba editCoba editCoba add edit' is present

2022-12-21 22:18:53 - [TEST_STEP][PASSED] - closeBrowser(): Browser is closed

2022-12-21 22:18:54 - [MESSAGE][PASSED] - Browser is closed]]></system-out>
         <system-err><![CDATA[]]></system-err>
      </testcase>
      <testcase name="Test Cases/Content/Articlee/Edit" time="13.277" classname="Test Cases/Content/Articlee/Edit" status="PASSED">
         <system-out><![CDATA[2022-12-21 22:18:54 - [TEST_CASE][PASSED] - Test Cases/Content/Articlee/Edit: Test Cases/Content/Articlee/Edit

2022-12-21 22:18:54 - [TEST_STEP][PASSED] - openBrowser(""): Browser is opened with url: ''

2022-12-21 22:18:54 - [MESSAGE][INFO] - Starting 'Chrome' driver

2022-12-21 22:18:54 - [MESSAGE][INFO] - Action delay is set to 0 milliseconds

2022-12-21 22:18:56 - [MESSAGE][PASSED] - Browser is opened with url: ''

2022-12-21 22:18:56 - [TEST_STEP][PASSED] - navigateToUrl("https://fe-react-o3tcnp4lu-capstone-6.vercel.app/"): Navigate to 'https://fe-react-o3tcnp4lu-capstone-6.vercel.app/' successfully

2022-12-21 22:18:57 - [MESSAGE][PASSED] - Navigate to 'https://fe-react-o3tcnp4lu-capstone-6.vercel.app/' successfully

2022-12-21 22:18:57 - [TEST_STEP][PASSED] - maximizeWindow(): Current window maximized

2022-12-21 22:18:57 - [MESSAGE][PASSED] - Current window maximized

2022-12-21 22:18:57 - [TEST_STEP][PASSED] - click(findTestObject("Object Repository/Page_WorkFit/a_Login")): Object: 'Object Repository/Page_WorkFit/a_Login' is clicked on

2022-12-21 22:18:57 - [MESSAGE][PASSED] - Object: 'Object Repository/Page_WorkFit/a_Login' is clicked on

2022-12-21 22:18:57 - [TEST_STEP][PASSED] - setText(findTestObject("Object Repository/Page_Login Page - WorkFit/input_Email_email"), "qe1@gmail.com"): Text 'qe1@gmail.com' is set on object 'Object Repository/Page_Login Page - WorkFit/input_Email_email'

2022-12-21 22:18:58 - [MESSAGE][PASSED] - Text 'qe1@gmail.com' is set on object 'Object Repository/Page_Login Page - WorkFit/input_Email_email'

2022-12-21 22:18:58 - [TEST_STEP][PASSED] - setEncryptedText(findTestObject("Object Repository/Page_Login Page - WorkFit/input_Password_password"), "PzcU1FTwvrz2Y2eY7/dWBg=="): Text ****** has been set on object 'Object Repository/Page_Login Page - WorkFit/input_Password_password'

2022-12-21 22:18:59 - [MESSAGE][PASSED] - Text ****** has been set on object 'Object Repository/Page_Login Page - WorkFit/input_Password_password'

2022-12-21 22:18:59 - [TEST_STEP][PASSED] - click(findTestObject("Object Repository/Page_Login Page - WorkFit/button_Sign In")): Object: 'Object Repository/Page_Login Page - WorkFit/button_Sign In' is clicked on

2022-12-21 22:18:59 - [MESSAGE][PASSED] - Object: 'Object Repository/Page_Login Page - WorkFit/button_Sign In' is clicked on

2022-12-21 22:18:59 - [TEST_STEP][PASSED] - click(findTestObject("Object Repository/Page_Dashboard - WorkFit/div_Article")): Object: 'Object Repository/Page_Dashboard - WorkFit/div_Article' is clicked on

2022-12-21 22:19:03 - [MESSAGE][PASSED] - Object: 'Object Repository/Page_Dashboard - WorkFit/div_Article' is clicked on

2022-12-21 22:19:03 - [TEST_STEP][PASSED] - click(findTestObject("Object Repository/Page_Manage Article - WorkFit/i_Add New_fi fi-br-menu-dots-vertical")): Object: 'Object Repository/Page_Manage Article - WorkFit/i_Add New_fi fi-br-menu-dots-vertical' is clicked on

2022-12-21 22:19:03 - [MESSAGE][PASSED] - Object: 'Object Repository/Page_Manage Article - WorkFit/i_Add New_fi fi-br-menu-dots-vertical' is clicked on

2022-12-21 22:19:03 - [TEST_STEP][PASSED] - click(findTestObject("Object Repository/Page_Manage Article - WorkFit/button_Edit")): Object: 'Object Repository/Page_Manage Article - WorkFit/button_Edit' is clicked on

2022-12-21 22:19:04 - [MESSAGE][PASSED] - Object: 'Object Repository/Page_Manage Article - WorkFit/button_Edit' is clicked on

2022-12-21 22:19:04 - [TEST_STEP][PASSED] - setText(findTestObject("Object Repository/Page_Manage Article - WorkFit/textarea_Coba add"), "Coba add edit"): Text 'Coba add edit' is set on object 'Object Repository/Page_Manage Article - WorkFit/textarea_Coba add'

2022-12-21 22:19:05 - [MESSAGE][PASSED] - Text 'Coba add edit' is set on object 'Object Repository/Page_Manage Article - WorkFit/textarea_Coba add'

2022-12-21 22:19:05 - [TEST_STEP][PASSED] - click(findTestObject("Object Repository/Page_Manage Article - WorkFit/button_Save")): Object: 'Object Repository/Page_Manage Article - WorkFit/button_Save' is clicked on

2022-12-21 22:19:05 - [MESSAGE][PASSED] - Object: 'Object Repository/Page_Manage Article - WorkFit/button_Save' is clicked on

2022-12-21 22:19:05 - [TEST_STEP][PASSED] - verifyElementText(findTestObject("Object Repository/Page_Manage Article - WorkFit/h2_Update"), "Update"): Actual text and expected text of test object 'Object Repository/Page_Manage Article - WorkFit/h2_Update' are matched.

2022-12-21 22:19:07 - [MESSAGE][PASSED] - Actual text and expected text of test object 'Object Repository/Page_Manage Article - WorkFit/h2_Update' are matched.

2022-12-21 22:19:07 - [TEST_STEP][PASSED] - closeBrowser(): Browser is closed

2022-12-21 22:19:07 - [MESSAGE][PASSED] - Browser is closed]]></system-out>
         <system-err><![CDATA[]]></system-err>
      </testcase>
      <testcase name="Test Cases/Content/Articlee/delete" time="10.569" classname="Test Cases/Content/Articlee/delete" status="PASSED">
         <system-out><![CDATA[2022-12-21 22:19:07 - [TEST_CASE][PASSED] - Test Cases/Content/Articlee/delete: Test Cases/Content/Articlee/delete

2022-12-21 22:19:08 - [TEST_STEP][PASSED] - openBrowser(""): Browser is opened with url: ''

2022-12-21 22:19:08 - [MESSAGE][INFO] - Starting 'Chrome' driver

2022-12-21 22:19:08 - [MESSAGE][INFO] - Action delay is set to 0 milliseconds

2022-12-21 22:19:09 - [MESSAGE][PASSED] - Browser is opened with url: ''

2022-12-21 22:19:09 - [TEST_STEP][PASSED] - navigateToUrl("https://fe-react-o3tcnp4lu-capstone-6.vercel.app/"): Navigate to 'https://fe-react-o3tcnp4lu-capstone-6.vercel.app/' successfully

2022-12-21 22:19:10 - [MESSAGE][PASSED] - Navigate to 'https://fe-react-o3tcnp4lu-capstone-6.vercel.app/' successfully

2022-12-21 22:19:10 - [TEST_STEP][PASSED] - maximizeWindow(): Current window maximized

2022-12-21 22:19:10 - [MESSAGE][PASSED] - Current window maximized

2022-12-21 22:19:10 - [TEST_STEP][PASSED] - click(findTestObject("Object Repository/Page_WorkFit/a_Login")): Object: 'Object Repository/Page_WorkFit/a_Login' is clicked on

2022-12-21 22:19:10 - [MESSAGE][PASSED] - Object: 'Object Repository/Page_WorkFit/a_Login' is clicked on

2022-12-21 22:19:10 - [TEST_STEP][PASSED] - setText(findTestObject("Object Repository/Page_Login Page - WorkFit/input_Email_email"), "qe1@gmail.com"): Text 'qe1@gmail.com' is set on object 'Object Repository/Page_Login Page - WorkFit/input_Email_email'

2022-12-21 22:19:11 - [MESSAGE][PASSED] - Text 'qe1@gmail.com' is set on object 'Object Repository/Page_Login Page - WorkFit/input_Email_email'

2022-12-21 22:19:11 - [TEST_STEP][PASSED] - setEncryptedText(findTestObject("Object Repository/Page_Login Page - WorkFit/input_Password_password"), "PzcU1FTwvrz2Y2eY7/dWBg=="): Text ****** has been set on object 'Object Repository/Page_Login Page - WorkFit/input_Password_password'

2022-12-21 22:19:12 - [MESSAGE][PASSED] - Text ****** has been set on object 'Object Repository/Page_Login Page - WorkFit/input_Password_password'

2022-12-21 22:19:12 - [TEST_STEP][PASSED] - click(findTestObject("Object Repository/Page_Login Page - WorkFit/button_Sign In")): Object: 'Object Repository/Page_Login Page - WorkFit/button_Sign In' is clicked on

2022-12-21 22:19:12 - [MESSAGE][PASSED] - Object: 'Object Repository/Page_Login Page - WorkFit/button_Sign In' is clicked on

2022-12-21 22:19:12 - [TEST_STEP][PASSED] - click(findTestObject("Object Repository/Page_Dashboard - WorkFit/div_Article")): Object: 'Object Repository/Page_Dashboard - WorkFit/div_Article' is clicked on

2022-12-21 22:19:15 - [MESSAGE][PASSED] - Object: 'Object Repository/Page_Dashboard - WorkFit/div_Article' is clicked on

2022-12-21 22:19:15 - [TEST_STEP][PASSED] - click(findTestObject("Object Repository/Page_Manage Article - WorkFit/button_Add New_absolute right-0 top-0 curso_ac71ed")): Object: 'Object Repository/Page_Manage Article - WorkFit/button_Add New_absolute right-0 top-0 curso_ac71ed' is clicked on

2022-12-21 22:19:16 - [MESSAGE][PASSED] - Object: 'Object Repository/Page_Manage Article - WorkFit/button_Add New_absolute right-0 top-0 curso_ac71ed' is clicked on

2022-12-21 22:19:16 - [TEST_STEP][PASSED] - click(findTestObject("Object Repository/Page_Manage Article - WorkFit/button_Delete")): Object: 'Object Repository/Page_Manage Article - WorkFit/button_Delete' is clicked on

2022-12-21 22:19:17 - [MESSAGE][PASSED] - Object: 'Object Repository/Page_Manage Article - WorkFit/button_Delete' is clicked on

2022-12-21 22:19:17 - [TEST_STEP][PASSED] - click(findTestObject("Object Repository/Page_Manage Article - WorkFit/button_No, Cancel")): Object: 'Object Repository/Page_Manage Article - WorkFit/button_No, Cancel' is clicked on

2022-12-21 22:19:17 - [MESSAGE][PASSED] - Object: 'Object Repository/Page_Manage Article - WorkFit/button_No, Cancel' is clicked on

2022-12-21 22:19:17 - [TEST_STEP][PASSED] - closeBrowser(): Browser is closed

2022-12-21 22:19:18 - [MESSAGE][PASSED] - Browser is closed]]></system-out>
         <system-err><![CDATA[]]></system-err>
      </testcase>
      <testcase name="Test Cases/Content/Articlee/add" time="10.838" classname="Test Cases/Content/Articlee/add" status="PASSED">
         <system-out><![CDATA[2022-12-21 22:19:18 - [TEST_CASE][PASSED] - Test Cases/Content/Articlee/add: Test Cases/Content/Articlee/add

2022-12-21 22:19:18 - [TEST_STEP][PASSED] - openBrowser(""): Browser is opened with url: ''

2022-12-21 22:19:18 - [MESSAGE][INFO] - Starting 'Chrome' driver

2022-12-21 22:19:18 - [MESSAGE][INFO] - Action delay is set to 0 milliseconds

2022-12-21 22:19:20 - [MESSAGE][PASSED] - Browser is opened with url: ''

2022-12-21 22:19:20 - [TEST_STEP][PASSED] - navigateToUrl("https://fe-react-o3tcnp4lu-capstone-6.vercel.app/"): Navigate to 'https://fe-react-o3tcnp4lu-capstone-6.vercel.app/' successfully

2022-12-21 22:19:21 - [MESSAGE][PASSED] - Navigate to 'https://fe-react-o3tcnp4lu-capstone-6.vercel.app/' successfully

2022-12-21 22:19:21 - [TEST_STEP][PASSED] - maximizeWindow(): Current window maximized

2022-12-21 22:19:21 - [MESSAGE][PASSED] - Current window maximized

2022-12-21 22:19:21 - [TEST_STEP][PASSED] - click(findTestObject("Object Repository/Page_WorkFit/a_Login")): Object: 'Object Repository/Page_WorkFit/a_Login' is clicked on

2022-12-21 22:19:21 - [MESSAGE][PASSED] - Object: 'Object Repository/Page_WorkFit/a_Login' is clicked on

2022-12-21 22:19:21 - [TEST_STEP][PASSED] - setText(findTestObject("Object Repository/Page_Login Page - WorkFit/input_Email_email"), "qe1@gmail.com"): Text 'qe1@gmail.com' is set on object 'Object Repository/Page_Login Page - WorkFit/input_Email_email'

2022-12-21 22:19:22 - [MESSAGE][PASSED] - Text 'qe1@gmail.com' is set on object 'Object Repository/Page_Login Page - WorkFit/input_Email_email'

2022-12-21 22:19:22 - [TEST_STEP][PASSED] - setEncryptedText(findTestObject("Object Repository/Page_Login Page - WorkFit/input_Password_password"), "PzcU1FTwvrz2Y2eY7/dWBg=="): Text ****** has been set on object 'Object Repository/Page_Login Page - WorkFit/input_Password_password'

2022-12-21 22:19:22 - [MESSAGE][PASSED] - Text ****** has been set on object 'Object Repository/Page_Login Page - WorkFit/input_Password_password'

2022-12-21 22:19:22 - [TEST_STEP][PASSED] - click(findTestObject("Object Repository/Page_Login Page - WorkFit/button_Sign In")): Object: 'Object Repository/Page_Login Page - WorkFit/button_Sign In' is clicked on

2022-12-21 22:19:23 - [MESSAGE][PASSED] - Object: 'Object Repository/Page_Login Page - WorkFit/button_Sign In' is clicked on

2022-12-21 22:19:23 - [TEST_STEP][PASSED] - click(findTestObject("Object Repository/Page_Dashboard - WorkFit/span_Article")): Object: 'Object Repository/Page_Dashboard - WorkFit/span_Article' is clicked on

2022-12-21 22:19:26 - [MESSAGE][PASSED] - Object: 'Object Repository/Page_Dashboard - WorkFit/span_Article' is clicked on

2022-12-21 22:19:26 - [TEST_STEP][PASSED] - click(findTestObject("Object Repository/Page_Manage Article - WorkFit/div_Article")): Object: 'Object Repository/Page_Manage Article - WorkFit/div_Article' is clicked on

2022-12-21 22:19:27 - [MESSAGE][PASSED] - Object: 'Object Repository/Page_Manage Article - WorkFit/div_Article' is clicked on

2022-12-21 22:19:27 - [TEST_STEP][PASSED] - click(findTestObject("Object Repository/Page_Manage Article - WorkFit/span_Add New")): Object: 'Object Repository/Page_Manage Article - WorkFit/span_Add New' is clicked on

2022-12-21 22:19:27 - [MESSAGE][PASSED] - Object: 'Object Repository/Page_Manage Article - WorkFit/span_Add New' is clicked on

2022-12-21 22:19:27 - [TEST_STEP][PASSED] - click(findTestObject("Object Repository/Page_Manage Article - WorkFit/input_Add New Article_title")): Object: 'Object Repository/Page_Manage Article - WorkFit/input_Add New Article_title' is clicked on

2022-12-21 22:19:28 - [MESSAGE][PASSED] - Object: 'Object Repository/Page_Manage Article - WorkFit/input_Add New Article_title' is clicked on

2022-12-21 22:19:28 - [TEST_STEP][PASSED] - click(findTestObject("Object Repository/Page_Manage Article - WorkFit/button_Cancel")): Object: 'Object Repository/Page_Manage Article - WorkFit/button_Cancel' is clicked on

2022-12-21 22:19:28 - [MESSAGE][PASSED] - Object: 'Object Repository/Page_Manage Article - WorkFit/button_Cancel' is clicked on

2022-12-21 22:19:28 - [TEST_STEP][PASSED] - closeBrowser(): Browser is closed

2022-12-21 22:19:29 - [MESSAGE][PASSED] - Browser is closed]]></system-out>
         <system-err><![CDATA[]]></system-err>
      </testcase>
      <system-out><![CDATA[2022-12-21 22:18:31 - [TEST_SUITE][PASSED] - Article: Test Cases/Content/Articlee/add]]></system-out>
      <system-err><![CDATA[]]></system-err>
   </testsuite>
</testsuites>
